2023-06-07 16:47:24.848 [main] INFO  [o.s.c.b.c.PropertySourceBootstrapConfiguration] - Located property source: [BootstrapPropertySource {name='bootstrapProperties-auth.yml,DEFAULT_GROUP'}, BootstrapPropertySource {name='bootstrapProperties-auth,DEFAULT_GROUP'}]
2023-06-07 16:47:25.880 [main] INFO  [o.s.d.r.config.RepositoryConfigurationDelegate] - Multiple Spring Data modules found, entering strict repository configuration mode
2023-06-07 16:47:25.885 [main] INFO  [o.s.d.r.config.RepositoryConfigurationDelegate] - Bootstrapping Spring Data Redis repositories in DEFAULT mode.
2023-06-07 16:47:25.922 [main] INFO  [o.s.d.r.config.RepositoryConfigurationDelegate] - Finished Spring Data repository scanning in 9 ms. Found 0 Redis repository interfaces.
2023-06-07 16:47:27.640 [main] INFO  [o.s.boot.web.embedded.tomcat.TomcatWebServer] - Tomcat initialized with port(s): 8001 (http)
2023-06-07 16:47:27.818 [main] INFO  [o.s.b.w.s.c.ServletWebServerApplicationContext] - Root WebApplicationContext: initialization completed in 2913 ms
2023-06-07 16:47:29.049 [main] INFO  [o.s.b.a.logging.ConditionEvaluationReportLogger] - 

Error starting ApplicationContext. To display the condition evaluation report re-run your application with 'debug' enabled.
2023-06-07 16:49:13.369 [main] INFO  [o.s.c.b.c.PropertySourceBootstrapConfiguration] - Located property source: [BootstrapPropertySource {name='bootstrapProperties-auth.yml,DEFAULT_GROUP'}, BootstrapPropertySource {name='bootstrapProperties-auth,DEFAULT_GROUP'}]
2023-06-07 16:49:14.478 [main] INFO  [o.s.d.r.config.RepositoryConfigurationDelegate] - Multiple Spring Data modules found, entering strict repository configuration mode
2023-06-07 16:49:14.488 [main] INFO  [o.s.d.r.config.RepositoryConfigurationDelegate] - Bootstrapping Spring Data Redis repositories in DEFAULT mode.
2023-06-07 16:49:14.523 [main] INFO  [o.s.d.r.config.RepositoryConfigurationDelegate] - Finished Spring Data repository scanning in 10 ms. Found 0 Redis repository interfaces.
2023-06-07 16:49:16.106 [main] INFO  [o.s.boot.web.embedded.tomcat.TomcatWebServer] - Tomcat initialized with port(s): 8001 (http)
2023-06-07 16:49:16.282 [main] INFO  [o.s.b.w.s.c.ServletWebServerApplicationContext] - Root WebApplicationContext: initialization completed in 2849 ms
2023-06-07 16:49:17.456 [main] INFO  [o.s.b.a.logging.ConditionEvaluationReportLogger] - 

Error starting ApplicationContext. To display the condition evaluation report re-run your application with 'debug' enabled.
2023-06-07 17:07:56.441 [main] INFO  [o.s.c.b.c.PropertySourceBootstrapConfiguration] - Located property source: [BootstrapPropertySource {name='bootstrapProperties-auth.yml,DEFAULT_GROUP'}, BootstrapPropertySource {name='bootstrapProperties-auth,DEFAULT_GROUP'}]
2023-06-07 17:07:58.880 [main] INFO  [o.s.d.r.config.RepositoryConfigurationDelegate] - Multiple Spring Data modules found, entering strict repository configuration mode
2023-06-07 17:07:58.885 [main] INFO  [o.s.d.r.config.RepositoryConfigurationDelegate] - Bootstrapping Spring Data Redis repositories in DEFAULT mode.
2023-06-07 17:07:58.949 [main] INFO  [o.s.d.r.config.RepositoryConfigurationDelegate] - Finished Spring Data repository scanning in 17 ms. Found 0 Redis repository interfaces.
2023-06-07 17:08:00.993 [main] INFO  [o.s.boot.web.embedded.tomcat.TomcatWebServer] - Tomcat initialized with port(s): 8001 (http)
2023-06-07 17:08:01.149 [main] INFO  [o.s.b.w.s.c.ServletWebServerApplicationContext] - Root WebApplicationContext: initialization completed in 4635 ms
2023-06-07 17:08:01.513 [main] INFO  [o.s.b.a.logging.ConditionEvaluationReportLogger] - 

Error starting ApplicationContext. To display the condition evaluation report re-run your application with 'debug' enabled.
2023-06-07 17:12:38.653 [main] INFO  [o.s.c.b.c.PropertySourceBootstrapConfiguration] - Located property source: [BootstrapPropertySource {name='bootstrapProperties-auth.yml,DEFAULT_GROUP'}, BootstrapPropertySource {name='bootstrapProperties-auth,DEFAULT_GROUP'}]
2023-06-07 17:12:39.719 [main] INFO  [o.s.d.r.config.RepositoryConfigurationDelegate] - Multiple Spring Data modules found, entering strict repository configuration mode
2023-06-07 17:12:39.724 [main] INFO  [o.s.d.r.config.RepositoryConfigurationDelegate] - Bootstrapping Spring Data Redis repositories in DEFAULT mode.
2023-06-07 17:12:39.758 [main] INFO  [o.s.d.r.config.RepositoryConfigurationDelegate] - Finished Spring Data repository scanning in 8 ms. Found 0 Redis repository interfaces.
2023-06-07 17:12:41.419 [main] INFO  [o.s.boot.web.embedded.tomcat.TomcatWebServer] - Tomcat initialized with port(s): 8001 (http)
2023-06-07 17:12:41.606 [main] INFO  [o.s.b.w.s.c.ServletWebServerApplicationContext] - Root WebApplicationContext: initialization completed in 2888 ms
2023-06-07 17:12:47.494 [main] INFO  [o.s.security.web.DefaultSecurityFilterChain] - Will secure org.springframework.security.oauth2.server.authorization.config.annotation.web.configurers.OAuth2AuthorizationServerConfigurer$$Lambda$948/0x0000000801334760@7e532f2d with [org.springframework.security.web.session.DisableEncodeUrlFilter@42150951, org.springframework.security.web.context.request.async.WebAsyncManagerIntegrationFilter@248b2091, org.springframework.security.web.context.SecurityContextHolderFilter@3065efd0, org.springframework.security.oauth2.server.authorization.config.annotation.web.configurers.AuthorizationServerContextFilter@49222187, org.springframework.security.web.header.HeaderWriterFilter@46d18a33, org.springframework.security.web.csrf.CsrfFilter@3f62d56, org.springframework.security.web.authentication.logout.LogoutFilter@4a9412c4, org.springframework.security.oauth2.server.authorization.web.OAuth2AuthorizationServerMetadataEndpointFilter@37196d53, org.springframework.security.oauth2.server.authorization.web.OAuth2AuthorizationEndpointFilter@22e95960, org.springframework.security.oauth2.server.authorization.oidc.web.OidcProviderConfigurationEndpointFilter@193d7ac7, org.springframework.security.oauth2.server.authorization.web.NimbusJwkSetEndpointFilter@15c3849f, org.springframework.security.oauth2.server.authorization.web.OAuth2ClientAuthenticationFilter@4b9d2cee, org.springframework.security.oauth2.server.resource.web.authentication.BearerTokenAuthenticationFilter@7272914b, org.springframework.security.web.savedrequest.RequestCacheAwareFilter@4a8bf1dc, org.springframework.security.web.servletapi.SecurityContextHolderAwareRequestFilter@6a4f7c17, org.springframework.security.web.authentication.AnonymousAuthenticationFilter@3b0c38f2, org.springframework.security.web.access.ExceptionTranslationFilter@bd09a26, org.springframework.security.web.access.intercept.AuthorizationFilter@7ec8db0c, org.springframework.security.oauth2.server.authorization.web.OAuth2TokenEndpointFilter@71098fb3, org.springframework.security.oauth2.server.authorization.web.OAuth2TokenIntrospectionEndpointFilter@5357de0e, org.springframework.security.oauth2.server.authorization.web.OAuth2TokenRevocationEndpointFilter@7135e8cd, org.springframework.security.oauth2.server.authorization.oidc.web.OidcUserInfoEndpointFilter@5186c801]
2023-06-07 17:12:49.709 [main] INFO  [o.s.boot.web.embedded.tomcat.TomcatWebServer] - Tomcat started on port(s): 8001 (http) with context path ''
