2023-06-01 09:07:01.419 [main] INFO  [o.s.c.b.c.PropertySourceBootstrapConfiguration] - Located property source: [BootstrapPropertySource {name='bootstrapProperties-auth.yml,DEFAULT_GROUP'}, BootstrapPropertySource {name='bootstrapProperties-auth,DEFAULT_GROUP'}]
2023-06-01 09:07:03.533 [main] INFO  [o.s.boot.web.embedded.tomcat.TomcatWebServer] - Tomcat initialized with port(s): 8001 (http)
2023-06-01 09:07:03.716 [main] INFO  [o.s.b.w.s.c.ServletWebServerApplicationContext] - Root WebApplicationContext: initialization completed in 2060 ms
2023-06-01 09:07:05.700 [main] INFO  [o.s.b.a.l.ConditionEvaluationReportLoggingListener] - 

Error starting ApplicationContext. To display the conditions report re-run your application with 'debug' enabled.
2023-06-01 09:13:23.652 [main] INFO  [o.s.c.b.c.PropertySourceBootstrapConfiguration] - Located property source: [BootstrapPropertySource {name='bootstrapProperties-auth.yml,DEFAULT_GROUP'}, BootstrapPropertySource {name='bootstrapProperties-auth,DEFAULT_GROUP'}]
2023-06-01 09:13:24.835 [main] INFO  [o.springframework.cloud.context.scope.GenericScope] - BeanFactory id=a5daeda9-43aa-3fc6-8bcb-35e9c94b22cf
2023-06-01 09:13:25.230 [main] INFO  [o.s.boot.web.embedded.tomcat.TomcatWebServer] - Tomcat initialized with port(s): 8001 (http)
2023-06-01 09:13:25.345 [main] INFO  [o.s.b.w.s.c.ServletWebServerApplicationContext] - Root WebApplicationContext: initialization completed in 1623 ms
2023-06-01 09:13:25.511 [main] INFO  [o.s.b.a.logging.ConditionEvaluationReportLogger] - 

Error starting ApplicationContext. To display the condition evaluation report re-run your application with 'debug' enabled.
2023-06-01 09:17:05.329 [main] INFO  [o.s.c.b.c.PropertySourceBootstrapConfiguration] - Located property source: [BootstrapPropertySource {name='bootstrapProperties-auth.yml,DEFAULT_GROUP'}, BootstrapPropertySource {name='bootstrapProperties-auth,DEFAULT_GROUP'}]
2023-06-01 09:17:06.542 [main] INFO  [o.springframework.cloud.context.scope.GenericScope] - BeanFactory id=a5daeda9-43aa-3fc6-8bcb-35e9c94b22cf
2023-06-01 09:17:06.984 [main] INFO  [o.s.boot.web.embedded.tomcat.TomcatWebServer] - Tomcat initialized with port(s): 8001 (http)
2023-06-01 09:17:07.087 [main] INFO  [o.s.b.w.s.c.ServletWebServerApplicationContext] - Root WebApplicationContext: initialization completed in 1670 ms
2023-06-01 09:17:09.357 [main] INFO  [o.s.security.web.DefaultSecurityFilterChain] - Will secure org.springframework.security.oauth2.server.authorization.config.annotation.web.configurers.OAuth2AuthorizationServerConfigurer$$Lambda$936/0x000000080114eef0@3292eff7 with [org.springframework.security.web.session.DisableEncodeUrlFilter@29ea5e0, org.springframework.security.web.context.request.async.WebAsyncManagerIntegrationFilter@1c459c28, org.springframework.security.web.context.SecurityContextHolderFilter@70ce2fb2, org.springframework.security.oauth2.server.authorization.config.annotation.web.configurers.AuthorizationServerContextFilter@5709e10b, org.springframework.security.web.header.HeaderWriterFilter@12a0d249, org.springframework.security.web.csrf.CsrfFilter@75aa7703, org.springframework.security.web.authentication.logout.LogoutFilter@66dd04e2, org.springframework.security.oauth2.server.authorization.web.OAuth2AuthorizationServerMetadataEndpointFilter@6edb1e9c, org.springframework.security.oauth2.server.authorization.web.OAuth2AuthorizationEndpointFilter@785ef70f, org.springframework.security.oauth2.server.authorization.oidc.web.OidcProviderConfigurationEndpointFilter@1b3bb287, org.springframework.security.oauth2.server.authorization.web.NimbusJwkSetEndpointFilter@4e4bfd9c, org.springframework.security.oauth2.server.authorization.web.OAuth2ClientAuthenticationFilter@1c8e2850, org.springframework.security.oauth2.server.resource.web.authentication.BearerTokenAuthenticationFilter@c6244e7, org.springframework.security.web.savedrequest.RequestCacheAwareFilter@4d525897, org.springframework.security.web.servletapi.SecurityContextHolderAwareRequestFilter@5b895e76, org.springframework.security.web.authentication.AnonymousAuthenticationFilter@6ffdbeef, org.springframework.security.web.access.ExceptionTranslationFilter@16e4db59, org.springframework.security.web.access.intercept.AuthorizationFilter@1e029a04, org.springframework.security.oauth2.server.authorization.web.OAuth2TokenEndpointFilter@86bf90b, org.springframework.security.oauth2.server.authorization.web.OAuth2TokenIntrospectionEndpointFilter@1c787389, org.springframework.security.oauth2.server.authorization.web.OAuth2TokenRevocationEndpointFilter@441aa7ae, org.springframework.security.oauth2.server.authorization.oidc.web.OidcUserInfoEndpointFilter@13d5606c]
2023-06-01 09:17:09.783 [main] INFO  [o.s.boot.web.embedded.tomcat.TomcatWebServer] - Tomcat started on port(s): 8001 (http) with context path ''
2023-06-01 09:17:36.369 [http-nio-8001-exec-2] INFO  [org.springframework.web.servlet.DispatcherServlet] - Initializing Servlet 'dispatcherServlet'
2023-06-01 09:17:36.371 [http-nio-8001-exec-2] INFO  [org.springframework.web.servlet.DispatcherServlet] - Completed initialization in 1 ms
2023-06-01 09:25:21.446 [main] INFO  [o.s.c.b.c.PropertySourceBootstrapConfiguration] - Located property source: [BootstrapPropertySource {name='bootstrapProperties-auth.yml,DEFAULT_GROUP'}, BootstrapPropertySource {name='bootstrapProperties-auth,DEFAULT_GROUP'}]
2023-06-01 09:25:24.091 [main] INFO  [o.springframework.cloud.context.scope.GenericScope] - BeanFactory id=a5daeda9-43aa-3fc6-8bcb-35e9c94b22cf
2023-06-01 09:25:24.640 [main] INFO  [o.s.boot.web.embedded.tomcat.TomcatWebServer] - Tomcat initialized with port(s): 8001 (http)
2023-06-01 09:25:24.743 [main] INFO  [o.s.b.w.s.c.ServletWebServerApplicationContext] - Root WebApplicationContext: initialization completed in 3164 ms
2023-06-01 09:25:26.621 [main] INFO  [o.s.security.web.DefaultSecurityFilterChain] - Will secure org.springframework.security.oauth2.server.authorization.config.annotation.web.configurers.OAuth2AuthorizationServerConfigurer$$Lambda$936/0x0000000801150688@28cf179c with [org.springframework.security.web.session.DisableEncodeUrlFilter@bdda8a7, org.springframework.security.web.context.request.async.WebAsyncManagerIntegrationFilter@3149409c, org.springframework.security.web.context.SecurityContextHolderFilter@51fb5fe6, org.springframework.security.oauth2.server.authorization.config.annotation.web.configurers.AuthorizationServerContextFilter@1c0cf193, org.springframework.security.web.header.HeaderWriterFilter@5c2a3f0c, org.springframework.security.web.csrf.CsrfFilter@646d58cd, org.springframework.security.web.authentication.logout.LogoutFilter@cef885d, org.springframework.security.oauth2.server.authorization.web.OAuth2AuthorizationServerMetadataEndpointFilter@d190639, org.springframework.security.oauth2.server.authorization.web.OAuth2AuthorizationEndpointFilter@34fc315d, org.springframework.security.oauth2.server.authorization.oidc.web.OidcProviderConfigurationEndpointFilter@1f19d423, org.springframework.security.oauth2.server.authorization.web.NimbusJwkSetEndpointFilter@2211e731, org.springframework.security.oauth2.server.authorization.web.OAuth2ClientAuthenticationFilter@5de335cf, org.springframework.security.oauth2.server.resource.web.authentication.BearerTokenAuthenticationFilter@2dd2ff87, org.springframework.security.web.savedrequest.RequestCacheAwareFilter@1791e231, org.springframework.security.web.servletapi.SecurityContextHolderAwareRequestFilter@3cb49121, org.springframework.security.web.authentication.AnonymousAuthenticationFilter@1c421b0f, org.springframework.security.web.access.ExceptionTranslationFilter@70f91ae3, org.springframework.security.web.access.intercept.AuthorizationFilter@70ce2fb2, org.springframework.security.oauth2.server.authorization.web.OAuth2TokenEndpointFilter@14d18029, org.springframework.security.oauth2.server.authorization.web.OAuth2TokenIntrospectionEndpointFilter@731ab49b, org.springframework.security.oauth2.server.authorization.web.OAuth2TokenRevocationEndpointFilter@6ab1f85b, org.springframework.security.oauth2.server.authorization.oidc.web.OidcUserInfoEndpointFilter@3f6906f4]
2023-06-01 09:25:27.493 [main] INFO  [o.s.boot.web.embedded.tomcat.TomcatWebServer] - Tomcat started on port(s): 8001 (http) with context path ''
2023-06-01 09:25:31.570 [http-nio-8001-exec-1] INFO  [org.springframework.web.servlet.DispatcherServlet] - Initializing Servlet 'dispatcherServlet'
2023-06-01 09:25:31.572 [http-nio-8001-exec-1] INFO  [org.springframework.web.servlet.DispatcherServlet] - Completed initialization in 2 ms
2023-06-01 10:01:05.811 [main] INFO  [o.s.c.b.c.PropertySourceBootstrapConfiguration] - Located property source: [BootstrapPropertySource {name='bootstrapProperties-auth.yml,DEFAULT_GROUP'}, BootstrapPropertySource {name='bootstrapProperties-auth,DEFAULT_GROUP'}]
2023-06-01 10:01:06.973 [main] INFO  [o.springframework.cloud.context.scope.GenericScope] - BeanFactory id=a5daeda9-43aa-3fc6-8bcb-35e9c94b22cf
2023-06-01 10:01:07.429 [main] INFO  [o.s.boot.web.embedded.tomcat.TomcatWebServer] - Tomcat initialized with port(s): 8001 (http)
2023-06-01 10:01:07.548 [main] INFO  [o.s.b.w.s.c.ServletWebServerApplicationContext] - Root WebApplicationContext: initialization completed in 1674 ms
2023-06-01 10:01:07.710 [main] INFO  [o.s.b.a.logging.ConditionEvaluationReportLogger] - 

Error starting ApplicationContext. To display the condition evaluation report re-run your application with 'debug' enabled.
2023-06-01 10:02:15.594 [main] INFO  [o.s.c.b.c.PropertySourceBootstrapConfiguration] - Located property source: [BootstrapPropertySource {name='bootstrapProperties-auth.yml,DEFAULT_GROUP'}, BootstrapPropertySource {name='bootstrapProperties-auth,DEFAULT_GROUP'}]
2023-06-01 10:02:16.928 [main] INFO  [o.springframework.cloud.context.scope.GenericScope] - BeanFactory id=e8bf65a8-d1c0-364e-91cd-f13d5a6fb668
2023-06-01 10:02:17.410 [main] INFO  [o.s.boot.web.embedded.tomcat.TomcatWebServer] - Tomcat initialized with port(s): 8001 (http)
2023-06-01 10:02:17.573 [main] INFO  [o.s.b.w.s.c.ServletWebServerApplicationContext] - Root WebApplicationContext: initialization completed in 1915 ms
2023-06-01 10:02:19.110 [main] INFO  [o.s.b.a.l.ConditionEvaluationReportLoggingListener] - 

Error starting ApplicationContext. To display the conditions report re-run your application with 'debug' enabled.
2023-06-01 10:03:04.869 [main] INFO  [o.s.c.b.c.PropertySourceBootstrapConfiguration] - Located property source: [BootstrapPropertySource {name='bootstrapProperties-auth.yml,DEFAULT_GROUP'}, BootstrapPropertySource {name='bootstrapProperties-auth,DEFAULT_GROUP'}]
2023-06-01 10:03:06.584 [main] INFO  [o.s.boot.web.embedded.tomcat.TomcatWebServer] - Tomcat initialized with port(s): 8001 (http)
2023-06-01 10:03:06.749 [main] INFO  [o.s.b.w.s.c.ServletWebServerApplicationContext] - Root WebApplicationContext: initialization completed in 1805 ms
2023-06-01 10:03:08.166 [main] INFO  [o.s.b.a.l.ConditionEvaluationReportLoggingListener] - 

Error starting ApplicationContext. To display the conditions report re-run your application with 'debug' enabled.
2023-06-01 10:07:26.357 [main] INFO  [o.s.c.b.c.PropertySourceBootstrapConfiguration] - Located property source: [BootstrapPropertySource {name='bootstrapProperties-auth.yml,DEFAULT_GROUP'}, BootstrapPropertySource {name='bootstrapProperties-auth,DEFAULT_GROUP'}]
2023-06-01 10:07:28.824 [main] INFO  [o.s.boot.web.embedded.tomcat.TomcatWebServer] - Tomcat initialized with port(s): 8001 (http)
2023-06-01 10:07:29.009 [main] INFO  [o.s.b.w.s.c.ServletWebServerApplicationContext] - Root WebApplicationContext: initialization completed in 2575 ms
2023-06-01 10:07:31.243 [main] INFO  [o.s.b.a.l.ConditionEvaluationReportLoggingListener] - 

Error starting ApplicationContext. To display the conditions report re-run your application with 'debug' enabled.
2023-06-01 10:08:45.282 [main] INFO  [o.s.c.b.c.PropertySourceBootstrapConfiguration] - Located property source: [BootstrapPropertySource {name='bootstrapProperties-auth.yml,DEFAULT_GROUP'}, BootstrapPropertySource {name='bootstrapProperties-auth,DEFAULT_GROUP'}]
2023-06-01 10:08:46.775 [main] INFO  [o.s.boot.web.embedded.tomcat.TomcatWebServer] - Tomcat initialized with port(s): 8001 (http)
2023-06-01 10:08:46.881 [main] INFO  [o.s.b.w.s.c.ServletWebServerApplicationContext] - Root WebApplicationContext: initialization completed in 1546 ms
2023-06-01 10:08:48.332 [main] INFO  [o.s.b.a.l.ConditionEvaluationReportLoggingListener] - 

Error starting ApplicationContext. To display the conditions report re-run your application with 'debug' enabled.
2023-06-01 10:20:29.134 [main] INFO  [o.s.c.b.c.PropertySourceBootstrapConfiguration] - Located property source: [BootstrapPropertySource {name='bootstrapProperties-auth.yml,DEFAULT_GROUP'}, BootstrapPropertySource {name='bootstrapProperties-auth,DEFAULT_GROUP'}]
2023-06-01 10:20:30.345 [main] INFO  [o.springframework.cloud.context.scope.GenericScope] - BeanFactory id=4dd07b3c-9c94-38e6-bf01-1f3d00c9cd3a
2023-06-01 10:20:30.772 [main] INFO  [o.s.boot.web.embedded.tomcat.TomcatWebServer] - Tomcat initialized with port(s): 8001 (http)
2023-06-01 10:20:30.881 [main] INFO  [o.s.b.w.s.c.ServletWebServerApplicationContext] - Root WebApplicationContext: initialization completed in 1691 ms
2023-06-01 10:20:32.276 [main] INFO  [o.s.b.a.l.ConditionEvaluationReportLoggingListener] - 

Error starting ApplicationContext. To display the conditions report re-run your application with 'debug' enabled.
2023-06-01 10:22:59.425 [main] INFO  [o.s.c.b.c.PropertySourceBootstrapConfiguration] - Located property source: [BootstrapPropertySource {name='bootstrapProperties-auth.yml,DEFAULT_GROUP'}, BootstrapPropertySource {name='bootstrapProperties-auth,DEFAULT_GROUP'}]
2023-06-01 10:23:00.659 [main] INFO  [o.springframework.cloud.context.scope.GenericScope] - BeanFactory id=b999a76a-e7ba-3cfd-b5e9-7be7d4eb80fe
2023-06-01 10:23:01.081 [main] INFO  [o.s.boot.web.embedded.tomcat.TomcatWebServer] - Tomcat initialized with port(s): 8001 (http)
2023-06-01 10:23:01.207 [main] INFO  [o.s.b.w.s.c.ServletWebServerApplicationContext] - Root WebApplicationContext: initialization completed in 1715 ms
2023-06-01 10:23:02.632 [main] INFO  [o.s.b.a.l.ConditionEvaluationReportLoggingListener] - 

Error starting ApplicationContext. To display the conditions report re-run your application with 'debug' enabled.
2023-06-01 10:31:00.506 [main] INFO  [o.s.c.b.c.PropertySourceBootstrapConfiguration] - Located property source: [BootstrapPropertySource {name='bootstrapProperties-auth.yml,DEFAULT_GROUP'}, BootstrapPropertySource {name='bootstrapProperties-auth,DEFAULT_GROUP'}]
2023-06-01 10:31:02.053 [main] INFO  [o.springframework.cloud.context.scope.GenericScope] - BeanFactory id=4dd07b3c-9c94-38e6-bf01-1f3d00c9cd3a
2023-06-01 10:31:02.504 [main] INFO  [o.s.boot.web.embedded.tomcat.TomcatWebServer] - Tomcat initialized with port(s): 8001 (http)
2023-06-01 10:31:02.653 [main] INFO  [o.s.b.w.s.c.ServletWebServerApplicationContext] - Root WebApplicationContext: initialization completed in 2086 ms
2023-06-01 10:31:04.132 [main] INFO  [o.s.b.a.l.ConditionEvaluationReportLoggingListener] - 

Error starting ApplicationContext. To display the conditions report re-run your application with 'debug' enabled.
2023-06-01 10:31:49.225 [main] INFO  [o.s.c.b.c.PropertySourceBootstrapConfiguration] - Located property source: [BootstrapPropertySource {name='bootstrapProperties-auth.yml,DEFAULT_GROUP'}, BootstrapPropertySource {name='bootstrapProperties-auth,DEFAULT_GROUP'}]
2023-06-01 10:33:21.869 [main] INFO  [o.s.c.b.c.PropertySourceBootstrapConfiguration] - Located property source: [BootstrapPropertySource {name='bootstrapProperties-auth.yml,DEFAULT_GROUP'}, BootstrapPropertySource {name='bootstrapProperties-auth,DEFAULT_GROUP'}]
2023-06-01 10:33:22.981 [main] INFO  [o.springframework.cloud.context.scope.GenericScope] - BeanFactory id=5ada51e1-d8cd-3c0f-88a1-949510e5c9e3
2023-06-01 10:33:23.437 [main] INFO  [o.s.boot.web.embedded.tomcat.TomcatWebServer] - Tomcat initialized with port(s): 8001 (http)
2023-06-01 10:33:23.585 [main] INFO  [o.s.b.w.s.c.ServletWebServerApplicationContext] - Root WebApplicationContext: initialization completed in 1649 ms
2023-06-01 10:33:24.935 [main] INFO  [o.s.b.a.l.ConditionEvaluationReportLoggingListener] - 

Error starting ApplicationContext. To display the conditions report re-run your application with 'debug' enabled.
2023-06-01 10:37:05.932 [main] INFO  [o.s.c.b.c.PropertySourceBootstrapConfiguration] - Located property source: [BootstrapPropertySource {name='bootstrapProperties-auth.yml,DEFAULT_GROUP'}, BootstrapPropertySource {name='bootstrapProperties-auth,DEFAULT_GROUP'}]
2023-06-01 10:37:07.359 [main] INFO  [o.springframework.cloud.context.scope.GenericScope] - BeanFactory id=4dd07b3c-9c94-38e6-bf01-1f3d00c9cd3a
2023-06-01 10:37:07.815 [main] INFO  [o.s.boot.web.embedded.tomcat.TomcatWebServer] - Tomcat initialized with port(s): 8001 (http)
2023-06-01 10:37:07.963 [main] INFO  [o.s.b.w.s.c.ServletWebServerApplicationContext] - Root WebApplicationContext: initialization completed in 1972 ms
2023-06-01 10:37:09.403 [main] INFO  [o.s.b.a.l.ConditionEvaluationReportLoggingListener] - 

Error starting ApplicationContext. To display the conditions report re-run your application with 'debug' enabled.
2023-06-01 10:39:32.833 [main] INFO  [o.s.c.b.c.PropertySourceBootstrapConfiguration] - Located property source: [BootstrapPropertySource {name='bootstrapProperties-auth.yml,DEFAULT_GROUP'}, BootstrapPropertySource {name='bootstrapProperties-auth,DEFAULT_GROUP'}]
2023-06-01 10:39:34.151 [main] INFO  [o.springframework.cloud.context.scope.GenericScope] - BeanFactory id=4dd07b3c-9c94-38e6-bf01-1f3d00c9cd3a
2023-06-01 10:39:34.701 [main] INFO  [o.s.boot.web.embedded.tomcat.TomcatWebServer] - Tomcat initialized with port(s): 8001 (http)
2023-06-01 10:39:34.885 [main] INFO  [o.s.b.w.s.c.ServletWebServerApplicationContext] - Root WebApplicationContext: initialization completed in 1992 ms
2023-06-01 10:39:39.173 [main] INFO  [o.s.b.a.l.ConditionEvaluationReportLoggingListener] - 

Error starting ApplicationContext. To display the conditions report re-run your application with 'debug' enabled.
2023-06-01 10:43:51.913 [main] INFO  [o.s.c.b.c.PropertySourceBootstrapConfiguration] - Located property source: [BootstrapPropertySource {name='bootstrapProperties-auth.yml,DEFAULT_GROUP'}, BootstrapPropertySource {name='bootstrapProperties-auth,DEFAULT_GROUP'}]
2023-06-01 10:43:53.010 [main] INFO  [o.springframework.cloud.context.scope.GenericScope] - BeanFactory id=ba865b11-e595-3915-8fbe-c7197b27c1d1
2023-06-01 10:43:53.378 [main] INFO  [o.s.boot.web.embedded.tomcat.TomcatWebServer] - Tomcat initialized with port(s): 8001 (http)
2023-06-01 10:43:53.518 [main] INFO  [o.s.b.w.s.c.ServletWebServerApplicationContext] - Root WebApplicationContext: initialization completed in 1551 ms
2023-06-01 10:43:57.695 [main] INFO  [o.s.security.web.DefaultSecurityFilterChain] - Will secure org.springframework.security.oauth2.server.authorization.config.annotation.web.configurers.OAuth2AuthorizationServerConfigurer$$Lambda$866/0x00000008011f72c8@2a8e30e3 with [org.springframework.security.web.session.DisableEncodeUrlFilter@31c56721, org.springframework.security.web.context.request.async.WebAsyncManagerIntegrationFilter@4cd51e4e, org.springframework.security.oauth2.server.authorization.config.annotation.web.configurers.AuthorizationServerContextFilter@7112b21a, org.springframework.security.web.context.SecurityContextPersistenceFilter@8dbf0f2, org.springframework.security.web.header.HeaderWriterFilter@4e4af370, org.springframework.security.web.csrf.CsrfFilter@2954c429, org.springframework.security.web.authentication.logout.LogoutFilter@727f36dd, org.springframework.security.oauth2.server.authorization.web.OAuth2AuthorizationServerMetadataEndpointFilter@3e0704e2, org.springframework.security.oauth2.server.authorization.web.OAuth2AuthorizationEndpointFilter@48751d8a, org.springframework.security.oauth2.server.authorization.oidc.web.OidcProviderConfigurationEndpointFilter@27d5eb00, org.springframework.security.oauth2.server.authorization.web.NimbusJwkSetEndpointFilter@320e179f, org.springframework.security.oauth2.server.authorization.web.OAuth2ClientAuthenticationFilter@581e8969, org.springframework.security.oauth2.server.resource.web.BearerTokenAuthenticationFilter@3faa55, org.springframework.security.web.savedrequest.RequestCacheAwareFilter@1d3546f9, org.springframework.security.web.servletapi.SecurityContextHolderAwareRequestFilter@50ecef36, org.springframework.security.web.authentication.AnonymousAuthenticationFilter@7e451790, org.springframework.security.web.session.SessionManagementFilter@7b1559f1, org.springframework.security.web.access.ExceptionTranslationFilter@50d05167, org.springframework.security.web.access.intercept.FilterSecurityInterceptor@310f8a05, org.springframework.security.oauth2.server.authorization.web.OAuth2TokenEndpointFilter@576b385d, org.springframework.security.oauth2.server.authorization.web.OAuth2TokenIntrospectionEndpointFilter@63b0b3dd, org.springframework.security.oauth2.server.authorization.web.OAuth2TokenRevocationEndpointFilter@78e50fca, org.springframework.security.oauth2.server.authorization.oidc.web.OidcUserInfoEndpointFilter@18f27a81]
2023-06-01 10:43:59.076 [main] INFO  [o.s.boot.web.embedded.tomcat.TomcatWebServer] - Tomcat started on port(s): 8001 (http) with context path ''
2023-06-01 10:44:26.818 [http-nio-8001-exec-1] INFO  [org.springframework.web.servlet.DispatcherServlet] - Initializing Servlet 'dispatcherServlet'
2023-06-01 10:44:26.820 [http-nio-8001-exec-1] INFO  [org.springframework.web.servlet.DispatcherServlet] - Completed initialization in 2 ms
2023-06-01 10:47:44.336 [main] INFO  [o.s.c.b.c.PropertySourceBootstrapConfiguration] - Located property source: [BootstrapPropertySource {name='bootstrapProperties-auth.yml,DEFAULT_GROUP'}, BootstrapPropertySource {name='bootstrapProperties-auth,DEFAULT_GROUP'}]
2023-06-01 10:47:45.327 [main] INFO  [o.springframework.cloud.context.scope.GenericScope] - BeanFactory id=6e3b8903-bb0d-3be9-86cb-5fb2c93f829e
2023-06-01 10:47:45.663 [main] INFO  [o.s.boot.web.embedded.tomcat.TomcatWebServer] - Tomcat initialized with port(s): 8001 (http)
2023-06-01 10:47:45.778 [main] INFO  [o.s.b.w.s.c.ServletWebServerApplicationContext] - Root WebApplicationContext: initialization completed in 1396 ms
2023-06-01 10:47:48.558 [main] INFO  [o.s.security.web.DefaultSecurityFilterChain] - Will secure org.springframework.security.oauth2.server.authorization.config.annotation.web.configurers.OAuth2AuthorizationServerConfigurer$$Lambda$866/0x00000008011fb3e8@446cc036 with [org.springframework.security.web.session.DisableEncodeUrlFilter@33b2ba25, org.springframework.security.web.context.request.async.WebAsyncManagerIntegrationFilter@6ad198c9, org.springframework.security.oauth2.server.authorization.config.annotation.web.configurers.AuthorizationServerContextFilter@3e0704e2, org.springframework.security.web.context.SecurityContextPersistenceFilter@3d405fe5, org.springframework.security.web.header.HeaderWriterFilter@52bb3dcd, org.springframework.security.web.csrf.CsrfFilter@5dd6f517, org.springframework.security.web.authentication.logout.LogoutFilter@6c8d8b60, org.springframework.security.oauth2.server.authorization.web.OAuth2AuthorizationServerMetadataEndpointFilter@762f8ff6, org.springframework.security.oauth2.server.authorization.web.OAuth2AuthorizationEndpointFilter@3be369fc, org.springframework.security.oauth2.server.authorization.oidc.web.OidcProviderConfigurationEndpointFilter@19fc0ef7, org.springframework.security.oauth2.server.authorization.web.NimbusJwkSetEndpointFilter@27048db3, org.springframework.security.oauth2.server.authorization.web.OAuth2ClientAuthenticationFilter@1870b9b8, org.springframework.security.oauth2.server.resource.web.BearerTokenAuthenticationFilter@2c4eae94, org.springframework.security.web.savedrequest.RequestCacheAwareFilter@4b475742, org.springframework.security.web.servletapi.SecurityContextHolderAwareRequestFilter@323c6f9c, org.springframework.security.web.authentication.AnonymousAuthenticationFilter@481bae3f, org.springframework.security.web.session.SessionManagementFilter@362b384c, org.springframework.security.web.access.ExceptionTranslationFilter@7dc92a06, org.springframework.security.web.access.intercept.FilterSecurityInterceptor@61c145cb, org.springframework.security.oauth2.server.authorization.web.OAuth2TokenEndpointFilter@1eb52131, org.springframework.security.oauth2.server.authorization.web.OAuth2TokenIntrospectionEndpointFilter@3731e8b6, org.springframework.security.oauth2.server.authorization.web.OAuth2TokenRevocationEndpointFilter@31b91435, org.springframework.security.oauth2.server.authorization.oidc.web.OidcUserInfoEndpointFilter@1a947424]
2023-06-01 10:47:49.233 [main] INFO  [o.s.boot.web.embedded.tomcat.TomcatWebServer] - Tomcat started on port(s): 8001 (http) with context path ''
2023-06-01 10:48:01.172 [main] INFO  [o.s.c.b.c.PropertySourceBootstrapConfiguration] - Located property source: [BootstrapPropertySource {name='bootstrapProperties-auth.yml,DEFAULT_GROUP'}, BootstrapPropertySource {name='bootstrapProperties-auth,DEFAULT_GROUP'}]
2023-06-01 10:48:02.223 [main] INFO  [o.springframework.cloud.context.scope.GenericScope] - BeanFactory id=6e3b8903-bb0d-3be9-86cb-5fb2c93f829e
2023-06-01 10:48:02.589 [main] INFO  [o.s.boot.web.embedded.tomcat.TomcatWebServer] - Tomcat initialized with port(s): 8001 (http)
2023-06-01 10:48:02.720 [main] INFO  [o.s.b.w.s.c.ServletWebServerApplicationContext] - Root WebApplicationContext: initialization completed in 1493 ms
2023-06-01 10:48:05.847 [main] INFO  [o.s.security.web.DefaultSecurityFilterChain] - Will secure org.springframework.security.oauth2.server.authorization.config.annotation.web.configurers.OAuth2AuthorizationServerConfigurer$$Lambda$866/0x0000000801234158@285c63cf with [org.springframework.security.web.session.DisableEncodeUrlFilter@4e343265, org.springframework.security.web.context.request.async.WebAsyncManagerIntegrationFilter@4301fa39, org.springframework.security.oauth2.server.authorization.config.annotation.web.configurers.AuthorizationServerContextFilter@614361fa, org.springframework.security.web.context.SecurityContextPersistenceFilter@8167f57, org.springframework.security.web.header.HeaderWriterFilter@38093ffe, org.springframework.security.web.csrf.CsrfFilter@4e614370, org.springframework.security.web.authentication.logout.LogoutFilter@2e4d2232, org.springframework.security.oauth2.server.authorization.web.OAuth2AuthorizationServerMetadataEndpointFilter@1d40f597, org.springframework.security.oauth2.server.authorization.web.OAuth2AuthorizationEndpointFilter@7f94541b, org.springframework.security.oauth2.server.authorization.oidc.web.OidcProviderConfigurationEndpointFilter@31a024ea, org.springframework.security.oauth2.server.authorization.web.NimbusJwkSetEndpointFilter@30bf881e, org.springframework.security.oauth2.server.authorization.web.OAuth2ClientAuthenticationFilter@5a35ae82, org.springframework.security.oauth2.server.resource.web.BearerTokenAuthenticationFilter@36b761e3, org.springframework.security.web.savedrequest.RequestCacheAwareFilter@541897c6, org.springframework.security.web.servletapi.SecurityContextHolderAwareRequestFilter@3ad558bf, org.springframework.security.web.authentication.AnonymousAuthenticationFilter@73dd0f23, org.springframework.security.web.session.SessionManagementFilter@a80a896, org.springframework.security.web.access.ExceptionTranslationFilter@582ca1e2, org.springframework.security.web.access.intercept.FilterSecurityInterceptor@5d20195b, org.springframework.security.oauth2.server.authorization.web.OAuth2TokenEndpointFilter@51da7b08, org.springframework.security.oauth2.server.authorization.web.OAuth2TokenIntrospectionEndpointFilter@c79780, org.springframework.security.oauth2.server.authorization.web.OAuth2TokenRevocationEndpointFilter@63b0b3dd, org.springframework.security.oauth2.server.authorization.oidc.web.OidcUserInfoEndpointFilter@126ff1a1]
2023-06-01 10:48:06.571 [main] INFO  [o.s.boot.web.embedded.tomcat.TomcatWebServer] - Tomcat started on port(s): 8001 (http) with context path ''
2023-06-01 10:48:51.460 [http-nio-8001-exec-1] INFO  [org.springframework.web.servlet.DispatcherServlet] - Initializing Servlet 'dispatcherServlet'
2023-06-01 10:48:51.462 [http-nio-8001-exec-1] INFO  [org.springframework.web.servlet.DispatcherServlet] - Completed initialization in 2 ms
2023-06-01 11:02:06.173 [main] INFO  [o.s.c.b.c.PropertySourceBootstrapConfiguration] - Located property source: [BootstrapPropertySource {name='bootstrapProperties-auth.yml,DEFAULT_GROUP'}, BootstrapPropertySource {name='bootstrapProperties-auth,DEFAULT_GROUP'}]
2023-06-01 11:02:07.222 [main] INFO  [o.springframework.cloud.context.scope.GenericScope] - BeanFactory id=317efb80-fc2e-32ac-8795-b7826006412e
2023-06-01 11:02:07.585 [main] INFO  [o.s.boot.web.embedded.tomcat.TomcatWebServer] - Tomcat initialized with port(s): 8001 (http)
2023-06-01 11:02:07.717 [main] INFO  [o.s.b.w.s.c.ServletWebServerApplicationContext] - Root WebApplicationContext: initialization completed in 1490 ms
2023-06-01 11:02:09.488 [main] INFO  [o.s.security.web.DefaultSecurityFilterChain] - Will secure any request with [org.springframework.security.web.session.DisableEncodeUrlFilter@5cb76070, org.springframework.security.web.context.request.async.WebAsyncManagerIntegrationFilter@3346e906, org.springframework.security.web.context.SecurityContextPersistenceFilter@746f8520, org.springframework.security.web.header.HeaderWriterFilter@5bf4dfb, org.springframework.security.web.csrf.CsrfFilter@43ca96a0, org.springframework.security.web.authentication.logout.LogoutFilter@4abdd5e, org.springframework.security.web.authentication.UsernamePasswordAuthenticationFilter@332fa1c, org.springframework.security.web.authentication.ui.DefaultLoginPageGeneratingFilter@2dbb8da0, org.springframework.security.web.authentication.ui.DefaultLogoutPageGeneratingFilter@443ac5b8, org.springframework.security.web.authentication.www.BasicAuthenticationFilter@2079fcfc, org.springframework.security.web.savedrequest.RequestCacheAwareFilter@1ee22768, org.springframework.security.web.servletapi.SecurityContextHolderAwareRequestFilter@38a52072, org.springframework.security.web.authentication.AnonymousAuthenticationFilter@126d0868, org.springframework.security.web.session.SessionManagementFilter@65259737, org.springframework.security.web.access.ExceptionTranslationFilter@7852ab30, org.springframework.security.web.access.intercept.FilterSecurityInterceptor@3117ac8d]
2023-06-01 11:02:09.831 [main] INFO  [o.s.boot.web.embedded.tomcat.TomcatWebServer] - Tomcat started on port(s): 8001 (http) with context path ''
2023-06-01 11:02:29.049 [http-nio-8001-exec-1] INFO  [org.springframework.web.servlet.DispatcherServlet] - Initializing Servlet 'dispatcherServlet'
2023-06-01 11:02:29.051 [http-nio-8001-exec-1] INFO  [org.springframework.web.servlet.DispatcherServlet] - Completed initialization in 1 ms
2023-06-01 11:06:33.061 [com.alibaba.nacos.client.Worker.longPolling.fixed-localhost_8848-673a59f6-c302-4714-9d91-538c78b9b2a1] INFO  [o.s.c.b.c.PropertySourceBootstrapConfiguration] - Located property source: [BootstrapPropertySource {name='bootstrapProperties-auth.yml,DEFAULT_GROUP'}, BootstrapPropertySource {name='bootstrapProperties-auth,DEFAULT_GROUP'}]
2023-06-01 11:06:33.090 [com.alibaba.nacos.client.Worker.longPolling.fixed-localhost_8848-673a59f6-c302-4714-9d91-538c78b9b2a1] INFO  [org.springframework.boot.SpringApplication] - No active profile set, falling back to 1 default profile: "default"
2023-06-01 11:06:33.101 [com.alibaba.nacos.client.Worker.longPolling.fixed-localhost_8848-673a59f6-c302-4714-9d91-538c78b9b2a1] INFO  [org.springframework.boot.SpringApplication] - Started application in 0.375 seconds (JVM running for 269.326)
2023-06-01 11:06:33.170 [com.alibaba.nacos.client.Worker.longPolling.fixed-localhost_8848-673a59f6-c302-4714-9d91-538c78b9b2a1] INFO  [o.s.cloud.endpoint.event.RefreshEventListener] - Refresh keys changed: [swagger.base.enable, swagger.base.username, swagger.base.password]
2023-06-01 11:06:51.463 [main] INFO  [o.s.c.b.c.PropertySourceBootstrapConfiguration] - Located property source: [BootstrapPropertySource {name='bootstrapProperties-auth.yml,DEFAULT_GROUP'}, BootstrapPropertySource {name='bootstrapProperties-auth,DEFAULT_GROUP'}]
2023-06-01 11:06:52.509 [main] INFO  [o.springframework.cloud.context.scope.GenericScope] - BeanFactory id=317efb80-fc2e-32ac-8795-b7826006412e
2023-06-01 11:06:52.841 [main] INFO  [o.s.boot.web.embedded.tomcat.TomcatWebServer] - Tomcat initialized with port(s): 8001 (http)
2023-06-01 11:06:52.964 [main] INFO  [o.s.b.w.s.c.ServletWebServerApplicationContext] - Root WebApplicationContext: initialization completed in 1449 ms
2023-06-01 11:06:54.734 [main] INFO  [o.s.security.web.DefaultSecurityFilterChain] - Will secure any request with [org.springframework.security.web.session.DisableEncodeUrlFilter@1e295f7f, org.springframework.security.web.context.request.async.WebAsyncManagerIntegrationFilter@4b762988, org.springframework.security.web.context.SecurityContextPersistenceFilter@2dbb8da0, org.springframework.security.web.header.HeaderWriterFilter@38a52072, org.springframework.security.web.csrf.CsrfFilter@65a2e14e, org.springframework.security.web.authentication.logout.LogoutFilter@54d46c8, org.springframework.security.web.authentication.UsernamePasswordAuthenticationFilter@2079fcfc, org.springframework.security.web.authentication.ui.DefaultLoginPageGeneratingFilter@58ad0586, org.springframework.security.web.authentication.ui.DefaultLogoutPageGeneratingFilter@24f2608b, org.springframework.security.web.authentication.www.BasicAuthenticationFilter@713497cd, org.springframework.security.web.savedrequest.RequestCacheAwareFilter@17fb5184, org.springframework.security.web.servletapi.SecurityContextHolderAwareRequestFilter@184bb873, org.springframework.security.web.authentication.AnonymousAuthenticationFilter@12a9e864, org.springframework.security.web.session.SessionManagementFilter@5cf80dfb, org.springframework.security.web.access.ExceptionTranslationFilter@3d3a28b5, org.springframework.security.web.access.intercept.FilterSecurityInterceptor@d0e4972]
2023-06-01 11:06:55.057 [main] INFO  [o.s.boot.web.embedded.tomcat.TomcatWebServer] - Tomcat started on port(s): 8001 (http) with context path ''
2023-06-01 11:07:13.635 [http-nio-8001-exec-1] INFO  [org.springframework.web.servlet.DispatcherServlet] - Initializing Servlet 'dispatcherServlet'
2023-06-01 11:07:13.638 [http-nio-8001-exec-1] INFO  [org.springframework.web.servlet.DispatcherServlet] - Completed initialization in 2 ms
2023-06-01 11:08:38.925 [main] INFO  [o.s.c.b.c.PropertySourceBootstrapConfiguration] - Located property source: [BootstrapPropertySource {name='bootstrapProperties-auth.yml,DEFAULT_GROUP'}, BootstrapPropertySource {name='bootstrapProperties-auth,DEFAULT_GROUP'}]
2023-06-01 11:08:40.215 [main] INFO  [o.springframework.cloud.context.scope.GenericScope] - BeanFactory id=6e3b8903-bb0d-3be9-86cb-5fb2c93f829e
2023-06-01 11:08:40.583 [main] INFO  [o.s.boot.web.embedded.tomcat.TomcatWebServer] - Tomcat initialized with port(s): 8001 (http)
2023-06-01 11:08:40.729 [main] INFO  [o.s.b.w.s.c.ServletWebServerApplicationContext] - Root WebApplicationContext: initialization completed in 1742 ms
2023-06-01 11:08:45.561 [main] INFO  [o.s.security.web.DefaultSecurityFilterChain] - Will secure org.springframework.security.oauth2.server.authorization.config.annotation.web.configurers.OAuth2AuthorizationServerConfigurer$$Lambda$866/0x00000008011f6a28@320e179f with [org.springframework.security.web.session.DisableEncodeUrlFilter@24731caf, org.springframework.security.web.context.request.async.WebAsyncManagerIntegrationFilter@6e1ad658, org.springframework.security.oauth2.server.authorization.config.annotation.web.configurers.AuthorizationServerContextFilter@14d53884, org.springframework.security.web.context.SecurityContextPersistenceFilter@1da32baf, org.springframework.security.web.header.HeaderWriterFilter@3691d4da, org.springframework.security.web.csrf.CsrfFilter@48aaaed9, org.springframework.security.web.authentication.logout.LogoutFilter@609ad016, org.springframework.security.oauth2.server.authorization.web.OAuth2AuthorizationServerMetadataEndpointFilter@1405aa6a, org.springframework.security.oauth2.server.authorization.web.OAuth2AuthorizationEndpointFilter@f6cde7e, org.springframework.security.oauth2.server.authorization.oidc.web.OidcProviderConfigurationEndpointFilter@5868ea91, org.springframework.security.oauth2.server.authorization.web.NimbusJwkSetEndpointFilter@18f27a81, org.springframework.security.oauth2.server.authorization.web.OAuth2ClientAuthenticationFilter@15fe020d, org.springframework.security.oauth2.server.resource.web.BearerTokenAuthenticationFilter@34cfdd84, org.springframework.security.web.savedrequest.RequestCacheAwareFilter@5cf33d25, org.springframework.security.web.servletapi.SecurityContextHolderAwareRequestFilter@efa04b5, org.springframework.security.web.authentication.AnonymousAuthenticationFilter@486dd616, org.springframework.security.web.session.SessionManagementFilter@46b2a11a, org.springframework.security.web.access.ExceptionTranslationFilter@7c4a03a, org.springframework.security.web.access.intercept.FilterSecurityInterceptor@477bea57, org.springframework.security.oauth2.server.authorization.web.OAuth2TokenEndpointFilter@5aeebccc, org.springframework.security.oauth2.server.authorization.web.OAuth2TokenIntrospectionEndpointFilter@2fb70301, org.springframework.security.oauth2.server.authorization.web.OAuth2TokenRevocationEndpointFilter@64e657b0, org.springframework.security.oauth2.server.authorization.oidc.web.OidcUserInfoEndpointFilter@45b6c666]
2023-06-01 11:08:46.308 [main] INFO  [o.s.boot.web.embedded.tomcat.TomcatWebServer] - Tomcat started on port(s): 8001 (http) with context path ''
2023-06-01 11:09:03.655 [http-nio-8001-exec-1] INFO  [org.springframework.web.servlet.DispatcherServlet] - Initializing Servlet 'dispatcherServlet'
2023-06-01 11:09:03.657 [http-nio-8001-exec-1] INFO  [org.springframework.web.servlet.DispatcherServlet] - Completed initialization in 2 ms
2023-06-01 11:19:27.626 [main] INFO  [o.s.c.b.c.PropertySourceBootstrapConfiguration] - Located property source: [BootstrapPropertySource {name='bootstrapProperties-auth.yml,DEFAULT_GROUP'}, BootstrapPropertySource {name='bootstrapProperties-auth,DEFAULT_GROUP'}]
2023-06-01 11:19:28.781 [main] INFO  [o.springframework.cloud.context.scope.GenericScope] - BeanFactory id=6e3b8903-bb0d-3be9-86cb-5fb2c93f829e
2023-06-01 11:19:29.156 [main] INFO  [o.s.boot.web.embedded.tomcat.TomcatWebServer] - Tomcat initialized with port(s): 8001 (http)
2023-06-01 11:19:29.289 [main] INFO  [o.s.b.w.s.c.ServletWebServerApplicationContext] - Root WebApplicationContext: initialization completed in 1611 ms
2023-06-01 11:19:31.381 [main] INFO  [o.s.security.web.DefaultSecurityFilterChain] - Will secure org.springframework.security.oauth2.server.authorization.config.annotation.web.configurers.OAuth2AuthorizationServerConfigurer$$Lambda$869/0x0000000801236828@6fad5ace with [org.springframework.security.web.session.DisableEncodeUrlFilter@632dc41, org.springframework.security.web.context.request.async.WebAsyncManagerIntegrationFilter@35f6f105, org.springframework.security.oauth2.server.authorization.config.annotation.web.configurers.AuthorizationServerContextFilter@25172993, org.springframework.security.web.context.SecurityContextPersistenceFilter@727f36dd, org.springframework.security.web.header.HeaderWriterFilter@da9374c, org.springframework.security.web.csrf.CsrfFilter@541897c6, org.springframework.security.web.authentication.logout.LogoutFilter@5f4e389a, org.springframework.security.oauth2.server.authorization.web.OAuth2AuthorizationServerMetadataEndpointFilter@6a54aa7a, org.springframework.security.oauth2.server.authorization.web.OAuth2AuthorizationEndpointFilter@259aec72, org.springframework.security.oauth2.server.authorization.oidc.web.OidcProviderConfigurationEndpointFilter@7526bb18, org.springframework.security.oauth2.server.authorization.web.NimbusJwkSetEndpointFilter@5a99543b, org.springframework.security.oauth2.server.authorization.web.OAuth2ClientAuthenticationFilter@2078bf0a, org.springframework.security.oauth2.server.resource.web.BearerTokenAuthenticationFilter@1fa58a48, org.springframework.security.web.savedrequest.RequestCacheAwareFilter@ae74eef, org.springframework.security.web.servletapi.SecurityContextHolderAwareRequestFilter@2553dcc0, org.springframework.security.web.authentication.AnonymousAuthenticationFilter@3aa1c45, org.springframework.security.web.session.SessionManagementFilter@5111f814, org.springframework.security.web.access.ExceptionTranslationFilter@6738e8b2, org.springframework.security.web.access.intercept.FilterSecurityInterceptor@5af56240, org.springframework.security.oauth2.server.authorization.web.OAuth2TokenEndpointFilter@e4bb10b, org.springframework.security.oauth2.server.authorization.web.OAuth2TokenIntrospectionEndpointFilter@362c48c, org.springframework.security.oauth2.server.authorization.web.OAuth2TokenRevocationEndpointFilter@2b540131, org.springframework.security.oauth2.server.authorization.oidc.web.OidcUserInfoEndpointFilter@3faa55]
2023-06-01 11:19:32.136 [main] INFO  [o.s.boot.web.embedded.tomcat.TomcatWebServer] - Tomcat started on port(s): 8001 (http) with context path ''
2023-06-01 11:19:40.110 [http-nio-8001-exec-1] INFO  [org.springframework.web.servlet.DispatcherServlet] - Initializing Servlet 'dispatcherServlet'
2023-06-01 11:19:40.111 [http-nio-8001-exec-1] INFO  [org.springframework.web.servlet.DispatcherServlet] - Completed initialization in 1 ms
2023-06-01 11:20:21.786 [main] INFO  [o.s.c.b.c.PropertySourceBootstrapConfiguration] - Located property source: [BootstrapPropertySource {name='bootstrapProperties-auth.yml,DEFAULT_GROUP'}, BootstrapPropertySource {name='bootstrapProperties-auth,DEFAULT_GROUP'}]
2023-06-01 11:20:22.880 [main] INFO  [o.springframework.cloud.context.scope.GenericScope] - BeanFactory id=6e3b8903-bb0d-3be9-86cb-5fb2c93f829e
2023-06-01 11:20:23.299 [main] INFO  [o.s.boot.web.embedded.tomcat.TomcatWebServer] - Tomcat initialized with port(s): 8001 (http)
2023-06-01 11:20:23.436 [main] INFO  [o.s.b.w.s.c.ServletWebServerApplicationContext] - Root WebApplicationContext: initialization completed in 1593 ms
2023-06-01 11:20:26.638 [main] INFO  [o.s.security.web.DefaultSecurityFilterChain] - Will secure org.springframework.security.oauth2.server.authorization.config.annotation.web.configurers.OAuth2AuthorizationServerConfigurer$$Lambda$869/0x0000000801236828@35f6f105 with [org.springframework.security.web.session.DisableEncodeUrlFilter@3aa1c45, org.springframework.security.web.context.request.async.WebAsyncManagerIntegrationFilter@6d45dd4, org.springframework.security.oauth2.server.authorization.config.annotation.web.configurers.AuthorizationServerContextFilter@5b32e0b1, org.springframework.security.web.context.SecurityContextPersistenceFilter@ae74eef, org.springframework.security.web.header.HeaderWriterFilter@14b96c1e, org.springframework.security.web.csrf.CsrfFilter@1826475, org.springframework.security.web.authentication.logout.LogoutFilter@56a9b662, org.springframework.security.oauth2.server.authorization.web.OAuth2AuthorizationServerMetadataEndpointFilter@2a60981c, org.springframework.security.oauth2.server.authorization.web.OAuth2AuthorizationEndpointFilter@26be0d23, org.springframework.security.oauth2.server.authorization.oidc.web.OidcProviderConfigurationEndpointFilter@30bf881e, org.springframework.security.oauth2.server.authorization.web.NimbusJwkSetEndpointFilter@4a18e0f1, org.springframework.security.oauth2.server.authorization.web.OAuth2ClientAuthenticationFilter@62d6ac, org.springframework.security.oauth2.server.resource.web.BearerTokenAuthenticationFilter@6fad5ace, org.springframework.security.web.savedrequest.RequestCacheAwareFilter@2e91cf69, org.springframework.security.web.servletapi.SecurityContextHolderAwareRequestFilter@746e534, org.springframework.security.web.authentication.AnonymousAuthenticationFilter@1614499b, org.springframework.security.web.session.SessionManagementFilter@491cc0eb, org.springframework.security.web.access.ExceptionTranslationFilter@da9374c, org.springframework.security.web.access.intercept.FilterSecurityInterceptor@51dbed72, org.springframework.security.oauth2.server.authorization.web.OAuth2TokenEndpointFilter@78e50fca, org.springframework.security.oauth2.server.authorization.web.OAuth2TokenIntrospectionEndpointFilter@1983a4e4, org.springframework.security.oauth2.server.authorization.web.OAuth2TokenRevocationEndpointFilter@4c91f5bf, org.springframework.security.oauth2.server.authorization.oidc.web.OidcUserInfoEndpointFilter@2a8e30e3]
2023-06-01 11:20:27.512 [main] INFO  [o.s.boot.web.embedded.tomcat.TomcatWebServer] - Tomcat started on port(s): 8001 (http) with context path ''
2023-06-01 11:20:33.203 [http-nio-8001-exec-1] INFO  [org.springframework.web.servlet.DispatcherServlet] - Initializing Servlet 'dispatcherServlet'
2023-06-01 11:20:33.205 [http-nio-8001-exec-1] INFO  [org.springframework.web.servlet.DispatcherServlet] - Completed initialization in 2 ms
2023-06-01 11:58:19.398 [main] INFO  [o.s.c.b.c.PropertySourceBootstrapConfiguration] - Located property source: [BootstrapPropertySource {name='bootstrapProperties-collect.yml,DEFAULT_GROUP'}, BootstrapPropertySource {name='bootstrapProperties-collect,DEFAULT_GROUP'}]
2023-06-01 11:58:20.465 [main] INFO  [o.springframework.cloud.context.scope.GenericScope] - BeanFactory id=137eafb4-458e-398d-829a-d387f12c31fb
2023-06-01 11:58:20.853 [main] INFO  [o.s.boot.web.embedded.tomcat.TomcatWebServer] - Tomcat initialized with port(s): 8002 (http)
2023-06-01 11:58:20.953 [main] INFO  [org.springframework.web.context.ContextLoader] - Root WebApplicationContext: initialization completed in 1483 ms
2023-06-01 11:58:22.548 [main] INFO  [o.s.b.a.l.ConditionEvaluationReportLoggingListener] - 

Error starting ApplicationContext. To display the conditions report re-run your application with 'debug' enabled.
2023-06-01 13:06:53.569 [main] INFO  [o.s.c.b.c.PropertySourceBootstrapConfiguration] - Located property source: [BootstrapPropertySource {name='bootstrapProperties-collect.yml,DEFAULT_GROUP'}, BootstrapPropertySource {name='bootstrapProperties-collect,DEFAULT_GROUP'}]
2023-06-01 13:06:54.619 [main] INFO  [o.springframework.cloud.context.scope.GenericScope] - BeanFactory id=033e9ef0-8156-3218-9963-0e9db2624fc0
2023-06-01 13:06:55.060 [main] INFO  [o.s.boot.web.embedded.tomcat.TomcatWebServer] - Tomcat initialized with port(s): 8002 (http)
2023-06-01 13:06:55.230 [main] INFO  [o.s.b.w.s.c.ServletWebServerApplicationContext] - Root WebApplicationContext: initialization completed in 1604 ms
2023-06-01 13:06:57.168 [main] INFO  [o.s.boot.web.embedded.tomcat.TomcatWebServer] - Tomcat started on port(s): 8002 (http) with context path ''
2023-06-01 13:07:30.507 [http-nio-8002-exec-1] INFO  [org.springframework.web.servlet.DispatcherServlet] - Initializing Servlet 'dispatcherServlet'
2023-06-01 13:07:30.509 [http-nio-8002-exec-1] INFO  [org.springframework.web.servlet.DispatcherServlet] - Completed initialization in 2 ms
2023-06-01 13:12:18.616 [main] INFO  [o.s.c.b.c.PropertySourceBootstrapConfiguration] - Located property source: [BootstrapPropertySource {name='bootstrapProperties-collect.yml,DEFAULT_GROUP'}, BootstrapPropertySource {name='bootstrapProperties-collect,DEFAULT_GROUP'}]
2023-06-01 13:12:19.660 [main] INFO  [o.springframework.cloud.context.scope.GenericScope] - BeanFactory id=54c18446-1a1e-38a5-8ddf-49301c7eac99
2023-06-01 13:12:20.097 [main] INFO  [o.s.boot.web.embedded.tomcat.TomcatWebServer] - Tomcat initialized with port(s): 8002 (http)
2023-06-01 13:12:20.241 [main] INFO  [o.s.b.w.s.c.ServletWebServerApplicationContext] - Root WebApplicationContext: initialization completed in 1560 ms
2023-06-01 13:12:22.074 [main] INFO  [o.s.boot.web.embedded.tomcat.TomcatWebServer] - Tomcat started on port(s): 8002 (http) with context path ''
2023-06-01 13:12:57.334 [http-nio-8002-exec-1] INFO  [org.springframework.web.servlet.DispatcherServlet] - Initializing Servlet 'dispatcherServlet'
2023-06-01 13:12:57.340 [http-nio-8002-exec-1] INFO  [org.springframework.web.servlet.DispatcherServlet] - Completed initialization in 6 ms
2023-06-01 13:35:46.613 [main] INFO  [o.s.c.b.c.PropertySourceBootstrapConfiguration] - Located property source: [BootstrapPropertySource {name='bootstrapProperties-collect.yml,DEFAULT_GROUP'}, BootstrapPropertySource {name='bootstrapProperties-collect,DEFAULT_GROUP'}]
2023-06-01 13:35:47.711 [main] INFO  [o.springframework.cloud.context.scope.GenericScope] - BeanFactory id=54c18446-1a1e-38a5-8ddf-49301c7eac99
2023-06-01 13:35:48.158 [main] INFO  [o.s.boot.web.embedded.tomcat.TomcatWebServer] - Tomcat initialized with port(s): 8002 (http)
2023-06-01 13:35:48.334 [main] INFO  [o.s.b.w.s.c.ServletWebServerApplicationContext] - Root WebApplicationContext: initialization completed in 1661 ms
2023-06-01 13:35:50.393 [main] INFO  [o.s.boot.web.embedded.tomcat.TomcatWebServer] - Tomcat started on port(s): 8002 (http) with context path ''
2023-06-01 13:36:02.307 [http-nio-8002-exec-1] INFO  [org.springframework.web.servlet.DispatcherServlet] - Initializing Servlet 'dispatcherServlet'
2023-06-01 13:36:02.308 [http-nio-8002-exec-1] INFO  [org.springframework.web.servlet.DispatcherServlet] - Completed initialization in 1 ms
2023-06-01 13:39:47.455 [main] INFO  [o.s.c.b.c.PropertySourceBootstrapConfiguration] - Located property source: [BootstrapPropertySource {name='bootstrapProperties-collect.yml,DEFAULT_GROUP'}, BootstrapPropertySource {name='bootstrapProperties-collect,DEFAULT_GROUP'}]
2023-06-01 13:39:48.479 [main] INFO  [o.springframework.cloud.context.scope.GenericScope] - BeanFactory id=54c18446-1a1e-38a5-8ddf-49301c7eac99
2023-06-01 13:39:48.902 [main] INFO  [o.s.boot.web.embedded.tomcat.TomcatWebServer] - Tomcat initialized with port(s): 8002 (http)
2023-06-01 13:39:49.045 [main] INFO  [o.s.b.w.s.c.ServletWebServerApplicationContext] - Root WebApplicationContext: initialization completed in 1531 ms
2023-06-01 13:39:50.980 [main] INFO  [o.s.boot.web.embedded.tomcat.TomcatWebServer] - Tomcat started on port(s): 8002 (http) with context path ''
2023-06-01 13:52:48.150 [main] INFO  [o.s.c.b.c.PropertySourceBootstrapConfiguration] - Located property source: [BootstrapPropertySource {name='bootstrapProperties-collect.yml,DEFAULT_GROUP'}, BootstrapPropertySource {name='bootstrapProperties-collect,DEFAULT_GROUP'}]
2023-06-01 13:52:49.197 [main] INFO  [o.springframework.cloud.context.scope.GenericScope] - BeanFactory id=54c18446-1a1e-38a5-8ddf-49301c7eac99
2023-06-01 13:52:49.643 [main] INFO  [o.s.boot.web.embedded.tomcat.TomcatWebServer] - Tomcat initialized with port(s): 8002 (http)
2023-06-01 13:52:49.778 [main] INFO  [o.s.b.w.s.c.ServletWebServerApplicationContext] - Root WebApplicationContext: initialization completed in 1577 ms
2023-06-01 13:52:51.684 [main] INFO  [o.s.boot.web.embedded.tomcat.TomcatWebServer] - Tomcat started on port(s): 8002 (http) with context path ''
2023-06-01 13:53:13.584 [http-nio-8002-exec-1] INFO  [org.springframework.web.servlet.DispatcherServlet] - Initializing Servlet 'dispatcherServlet'
2023-06-01 13:53:13.586 [http-nio-8002-exec-1] INFO  [org.springframework.web.servlet.DispatcherServlet] - Completed initialization in 1 ms
2023-06-01 13:58:31.685 [main] INFO  [o.s.c.b.c.PropertySourceBootstrapConfiguration] - Located property source: [BootstrapPropertySource {name='bootstrapProperties-collect.yml,DEFAULT_GROUP'}, BootstrapPropertySource {name='bootstrapProperties-collect,DEFAULT_GROUP'}]
2023-06-01 13:58:32.952 [main] INFO  [o.springframework.cloud.context.scope.GenericScope] - BeanFactory id=54c18446-1a1e-38a5-8ddf-49301c7eac99
2023-06-01 13:58:33.462 [main] INFO  [o.s.boot.web.embedded.tomcat.TomcatWebServer] - Tomcat initialized with port(s): 8002 (http)
2023-06-01 13:58:33.633 [main] INFO  [o.s.b.w.s.c.ServletWebServerApplicationContext] - Root WebApplicationContext: initialization completed in 1883 ms
2023-06-01 13:58:36.057 [main] INFO  [o.s.boot.web.embedded.tomcat.TomcatWebServer] - Tomcat started on port(s): 8002 (http) with context path ''
2023-06-01 13:58:49.984 [http-nio-8002-exec-1] INFO  [org.springframework.web.servlet.DispatcherServlet] - Initializing Servlet 'dispatcherServlet'
2023-06-01 13:58:49.987 [http-nio-8002-exec-1] INFO  [org.springframework.web.servlet.DispatcherServlet] - Completed initialization in 2 ms
2023-06-01 14:03:34.893 [main] INFO  [o.s.c.b.c.PropertySourceBootstrapConfiguration] - Located property source: [BootstrapPropertySource {name='bootstrapProperties-collect.yml,DEFAULT_GROUP'}, BootstrapPropertySource {name='bootstrapProperties-collect,DEFAULT_GROUP'}]
2023-06-01 14:03:35.959 [main] INFO  [o.springframework.cloud.context.scope.GenericScope] - BeanFactory id=54c18446-1a1e-38a5-8ddf-49301c7eac99
2023-06-01 14:03:36.392 [main] INFO  [o.s.boot.web.embedded.tomcat.TomcatWebServer] - Tomcat initialized with port(s): 8002 (http)
2023-06-01 14:03:36.534 [main] INFO  [o.s.b.w.s.c.ServletWebServerApplicationContext] - Root WebApplicationContext: initialization completed in 1590 ms
2023-06-01 14:03:38.688 [main] INFO  [o.s.boot.web.embedded.tomcat.TomcatWebServer] - Tomcat started on port(s): 8002 (http) with context path ''
2023-06-01 14:03:53.302 [http-nio-8002-exec-1] INFO  [org.springframework.web.servlet.DispatcherServlet] - Initializing Servlet 'dispatcherServlet'
2023-06-01 14:03:53.304 [http-nio-8002-exec-1] INFO  [org.springframework.web.servlet.DispatcherServlet] - Completed initialization in 2 ms
2023-06-01 14:05:01.981 [main] INFO  [o.s.c.b.c.PropertySourceBootstrapConfiguration] - Located property source: [BootstrapPropertySource {name='bootstrapProperties-collect.yml,DEFAULT_GROUP'}, BootstrapPropertySource {name='bootstrapProperties-collect,DEFAULT_GROUP'}]
2023-06-01 14:05:03.148 [main] INFO  [o.springframework.cloud.context.scope.GenericScope] - BeanFactory id=54c18446-1a1e-38a5-8ddf-49301c7eac99
2023-06-01 14:05:03.639 [main] INFO  [o.s.boot.web.embedded.tomcat.TomcatWebServer] - Tomcat initialized with port(s): 8002 (http)
2023-06-01 14:05:03.797 [main] INFO  [o.s.b.w.s.c.ServletWebServerApplicationContext] - Root WebApplicationContext: initialization completed in 1764 ms
2023-06-01 14:05:06.402 [main] INFO  [o.s.boot.web.embedded.tomcat.TomcatWebServer] - Tomcat started on port(s): 8002 (http) with context path ''
2023-06-01 14:05:15.230 [http-nio-8002-exec-1] INFO  [org.springframework.web.servlet.DispatcherServlet] - Initializing Servlet 'dispatcherServlet'
2023-06-01 14:05:15.233 [http-nio-8002-exec-1] INFO  [org.springframework.web.servlet.DispatcherServlet] - Completed initialization in 2 ms
2023-06-01 14:08:25.746 [main] INFO  [o.s.c.b.c.PropertySourceBootstrapConfiguration] - Located property source: [BootstrapPropertySource {name='bootstrapProperties-collect.yml,DEFAULT_GROUP'}, BootstrapPropertySource {name='bootstrapProperties-collect,DEFAULT_GROUP'}]
2023-06-01 14:08:27.073 [main] INFO  [o.springframework.cloud.context.scope.GenericScope] - BeanFactory id=54c18446-1a1e-38a5-8ddf-49301c7eac99
2023-06-01 14:08:27.544 [main] INFO  [o.s.boot.web.embedded.tomcat.TomcatWebServer] - Tomcat initialized with port(s): 8002 (http)
2023-06-01 14:08:27.699 [main] INFO  [o.s.b.w.s.c.ServletWebServerApplicationContext] - Root WebApplicationContext: initialization completed in 1888 ms
2023-06-01 14:08:30.444 [main] INFO  [o.s.boot.web.embedded.tomcat.TomcatWebServer] - Tomcat started on port(s): 8002 (http) with context path ''
2023-06-01 14:08:45.148 [http-nio-8002-exec-1] INFO  [org.springframework.web.servlet.DispatcherServlet] - Initializing Servlet 'dispatcherServlet'
2023-06-01 14:08:45.150 [http-nio-8002-exec-1] INFO  [org.springframework.web.servlet.DispatcherServlet] - Completed initialization in 2 ms
2023-06-01 14:12:58.732 [main] INFO  [o.s.c.b.c.PropertySourceBootstrapConfiguration] - Located property source: [BootstrapPropertySource {name='bootstrapProperties-collect.yml,DEFAULT_GROUP'}, BootstrapPropertySource {name='bootstrapProperties-collect,DEFAULT_GROUP'}]
2023-06-01 14:12:59.783 [main] INFO  [o.springframework.cloud.context.scope.GenericScope] - BeanFactory id=54c18446-1a1e-38a5-8ddf-49301c7eac99
2023-06-01 14:13:00.184 [main] INFO  [o.s.boot.web.embedded.tomcat.TomcatWebServer] - Tomcat initialized with port(s): 8002 (http)
2023-06-01 14:13:00.332 [main] INFO  [o.s.b.w.s.c.ServletWebServerApplicationContext] - Root WebApplicationContext: initialization completed in 1546 ms
2023-06-01 14:13:02.521 [main] INFO  [o.s.boot.web.embedded.tomcat.TomcatWebServer] - Tomcat started on port(s): 8002 (http) with context path ''
2023-06-01 14:14:11.335 [http-nio-8002-exec-1] INFO  [org.springframework.web.servlet.DispatcherServlet] - Initializing Servlet 'dispatcherServlet'
2023-06-01 14:14:11.336 [http-nio-8002-exec-1] INFO  [org.springframework.web.servlet.DispatcherServlet] - Completed initialization in 1 ms
2023-06-01 14:18:14.043 [com.alibaba.nacos.client.Worker.longPolling.fixed-localhost_8848-673a59f6-c302-4714-9d91-538c78b9b2a1] INFO  [o.s.c.b.c.PropertySourceBootstrapConfiguration] - Located property source: [BootstrapPropertySource {name='bootstrapProperties-collect.yml,DEFAULT_GROUP'}, BootstrapPropertySource {name='bootstrapProperties-collect,DEFAULT_GROUP'}]
2023-06-01 14:18:14.075 [com.alibaba.nacos.client.Worker.longPolling.fixed-localhost_8848-673a59f6-c302-4714-9d91-538c78b9b2a1] INFO  [org.springframework.boot.SpringApplication] - No active profile set, falling back to 1 default profile: "default"
2023-06-01 14:18:14.086 [com.alibaba.nacos.client.Worker.longPolling.fixed-localhost_8848-673a59f6-c302-4714-9d91-538c78b9b2a1] INFO  [org.springframework.boot.SpringApplication] - Started application in 0.411 seconds (JVM running for 317.571)
2023-06-01 14:18:14.169 [com.alibaba.nacos.client.Worker.longPolling.fixed-localhost_8848-673a59f6-c302-4714-9d91-538c78b9b2a1] INFO  [o.s.cloud.endpoint.event.RefreshEventListener] - Refresh keys changed: [springfox.documentation.swagger.use-model-v3]
2023-06-01 14:18:28.111 [main] INFO  [o.s.c.b.c.PropertySourceBootstrapConfiguration] - Located property source: [BootstrapPropertySource {name='bootstrapProperties-collect.yml,DEFAULT_GROUP'}, BootstrapPropertySource {name='bootstrapProperties-collect,DEFAULT_GROUP'}]
2023-06-01 14:18:29.201 [main] INFO  [o.springframework.cloud.context.scope.GenericScope] - BeanFactory id=54c18446-1a1e-38a5-8ddf-49301c7eac99
2023-06-01 14:18:29.616 [main] INFO  [o.s.boot.web.embedded.tomcat.TomcatWebServer] - Tomcat initialized with port(s): 8002 (http)
2023-06-01 14:18:29.745 [main] INFO  [o.s.b.w.s.c.ServletWebServerApplicationContext] - Root WebApplicationContext: initialization completed in 1562 ms
2023-06-01 14:18:31.616 [main] INFO  [o.s.boot.web.embedded.tomcat.TomcatWebServer] - Tomcat started on port(s): 8002 (http) with context path ''
2023-06-01 14:18:39.999 [http-nio-8002-exec-1] INFO  [org.springframework.web.servlet.DispatcherServlet] - Initializing Servlet 'dispatcherServlet'
2023-06-01 14:18:40.000 [http-nio-8002-exec-1] INFO  [org.springframework.web.servlet.DispatcherServlet] - Completed initialization in 1 ms
2023-06-01 14:20:09.852 [main] INFO  [o.s.c.b.c.PropertySourceBootstrapConfiguration] - Located property source: [BootstrapPropertySource {name='bootstrapProperties-collect.yml,DEFAULT_GROUP'}, BootstrapPropertySource {name='bootstrapProperties-collect,DEFAULT_GROUP'}]
2023-06-01 14:20:10.775 [main] INFO  [o.springframework.cloud.context.scope.GenericScope] - BeanFactory id=54c18446-1a1e-38a5-8ddf-49301c7eac99
2023-06-01 14:20:11.144 [main] INFO  [o.s.boot.web.embedded.tomcat.TomcatWebServer] - Tomcat initialized with port(s): 8002 (http)
2023-06-01 14:20:11.271 [main] INFO  [o.s.b.w.s.c.ServletWebServerApplicationContext] - Root WebApplicationContext: initialization completed in 1350 ms
2023-06-01 14:20:12.873 [main] INFO  [o.s.boot.web.embedded.tomcat.TomcatWebServer] - Tomcat started on port(s): 8002 (http) with context path ''
2023-06-01 14:22:02.358 [main] INFO  [o.s.c.b.c.PropertySourceBootstrapConfiguration] - Located property source: [BootstrapPropertySource {name='bootstrapProperties-collect.yml,DEFAULT_GROUP'}, BootstrapPropertySource {name='bootstrapProperties-collect,DEFAULT_GROUP'}]
2023-06-01 14:22:03.343 [main] INFO  [o.springframework.cloud.context.scope.GenericScope] - BeanFactory id=54c18446-1a1e-38a5-8ddf-49301c7eac99
2023-06-01 14:22:03.718 [main] INFO  [o.s.boot.web.embedded.tomcat.TomcatWebServer] - Tomcat initialized with port(s): 8002 (http)
2023-06-01 14:22:03.847 [main] INFO  [o.s.b.w.s.c.ServletWebServerApplicationContext] - Root WebApplicationContext: initialization completed in 1436 ms
2023-06-01 14:22:05.766 [main] INFO  [o.s.boot.web.embedded.tomcat.TomcatWebServer] - Tomcat started on port(s): 8002 (http) with context path ''
2023-06-01 14:23:29.415 [http-nio-8002-exec-1] INFO  [org.springframework.web.servlet.DispatcherServlet] - Initializing Servlet 'dispatcherServlet'
2023-06-01 14:23:29.416 [http-nio-8002-exec-1] INFO  [org.springframework.web.servlet.DispatcherServlet] - Completed initialization in 1 ms
2023-06-01 14:27:34.370 [main] INFO  [o.s.c.b.c.PropertySourceBootstrapConfiguration] - Located property source: [BootstrapPropertySource {name='bootstrapProperties-collect.yml,DEFAULT_GROUP'}, BootstrapPropertySource {name='bootstrapProperties-collect,DEFAULT_GROUP'}]
2023-06-01 14:27:35.400 [main] INFO  [o.springframework.cloud.context.scope.GenericScope] - BeanFactory id=54c18446-1a1e-38a5-8ddf-49301c7eac99
2023-06-01 14:27:35.784 [main] INFO  [o.s.boot.web.embedded.tomcat.TomcatWebServer] - Tomcat initialized with port(s): 8002 (http)
2023-06-01 14:27:35.919 [main] INFO  [o.s.b.w.s.c.ServletWebServerApplicationContext] - Root WebApplicationContext: initialization completed in 1475 ms
2023-06-01 14:27:37.927 [main] INFO  [o.s.boot.web.embedded.tomcat.TomcatWebServer] - Tomcat started on port(s): 8002 (http) with context path ''
2023-06-01 14:27:54.087 [http-nio-8002-exec-1] INFO  [org.springframework.web.servlet.DispatcherServlet] - Initializing Servlet 'dispatcherServlet'
2023-06-01 14:27:54.088 [http-nio-8002-exec-1] INFO  [org.springframework.web.servlet.DispatcherServlet] - Completed initialization in 1 ms
2023-06-01 14:42:21.921 [main] INFO  [o.s.c.b.c.PropertySourceBootstrapConfiguration] - Located property source: [BootstrapPropertySource {name='bootstrapProperties-auth.yml,DEFAULT_GROUP'}, BootstrapPropertySource {name='bootstrapProperties-auth,DEFAULT_GROUP'}]
2023-06-01 14:42:23.082 [main] INFO  [o.springframework.cloud.context.scope.GenericScope] - BeanFactory id=6e3b8903-bb0d-3be9-86cb-5fb2c93f829e
2023-06-01 14:42:23.479 [main] INFO  [o.s.boot.web.embedded.tomcat.TomcatWebServer] - Tomcat initialized with port(s): 8001 (http)
2023-06-01 14:42:23.645 [main] INFO  [o.s.b.w.s.c.ServletWebServerApplicationContext] - Root WebApplicationContext: initialization completed in 1652 ms
2023-06-01 14:42:26.310 [main] INFO  [o.s.security.web.DefaultSecurityFilterChain] - Will secure org.springframework.security.oauth2.server.authorization.config.annotation.web.configurers.OAuth2AuthorizationServerConfigurer$$Lambda$866/0x00000008011f42e8@320e179f with [org.springframework.security.web.session.DisableEncodeUrlFilter@24731caf, org.springframework.security.web.context.request.async.WebAsyncManagerIntegrationFilter@6e1ad658, org.springframework.security.oauth2.server.authorization.config.annotation.web.configurers.AuthorizationServerContextFilter@14d53884, org.springframework.security.web.context.SecurityContextPersistenceFilter@1da32baf, org.springframework.security.web.header.HeaderWriterFilter@3691d4da, org.springframework.security.web.csrf.CsrfFilter@48aaaed9, org.springframework.security.web.authentication.logout.LogoutFilter@609ad016, org.springframework.security.oauth2.server.authorization.web.OAuth2AuthorizationServerMetadataEndpointFilter@1405aa6a, org.springframework.security.oauth2.server.authorization.web.OAuth2AuthorizationEndpointFilter@f6cde7e, org.springframework.security.oauth2.server.authorization.oidc.web.OidcProviderConfigurationEndpointFilter@5868ea91, org.springframework.security.oauth2.server.authorization.web.NimbusJwkSetEndpointFilter@18f27a81, org.springframework.security.oauth2.server.authorization.web.OAuth2ClientAuthenticationFilter@15fe020d, org.springframework.security.oauth2.server.resource.web.BearerTokenAuthenticationFilter@34cfdd84, org.springframework.security.web.savedrequest.RequestCacheAwareFilter@5cf33d25, org.springframework.security.web.servletapi.SecurityContextHolderAwareRequestFilter@efa04b5, org.springframework.security.web.authentication.AnonymousAuthenticationFilter@486dd616, org.springframework.security.web.session.SessionManagementFilter@46b2a11a, org.springframework.security.web.access.ExceptionTranslationFilter@7c4a03a, org.springframework.security.web.access.intercept.FilterSecurityInterceptor@477bea57, org.springframework.security.oauth2.server.authorization.web.OAuth2TokenEndpointFilter@5aeebccc, org.springframework.security.oauth2.server.authorization.web.OAuth2TokenIntrospectionEndpointFilter@2fb70301, org.springframework.security.oauth2.server.authorization.web.OAuth2TokenRevocationEndpointFilter@64e657b0, org.springframework.security.oauth2.server.authorization.oidc.web.OidcUserInfoEndpointFilter@45b6c666]
2023-06-01 14:42:27.031 [main] INFO  [o.s.boot.web.embedded.tomcat.TomcatWebServer] - Tomcat started on port(s): 8001 (http) with context path ''
2023-06-01 14:43:43.639 [main] INFO  [o.s.c.b.c.PropertySourceBootstrapConfiguration] - Located property source: [BootstrapPropertySource {name='bootstrapProperties-auth.yml,DEFAULT_GROUP'}, BootstrapPropertySource {name='bootstrapProperties-auth,DEFAULT_GROUP'}]
2023-06-01 14:43:44.704 [main] INFO  [o.springframework.cloud.context.scope.GenericScope] - BeanFactory id=6e3b8903-bb0d-3be9-86cb-5fb2c93f829e
2023-06-01 14:43:45.097 [main] INFO  [o.s.boot.web.embedded.tomcat.TomcatWebServer] - Tomcat initialized with port(s): 8001 (http)
2023-06-01 14:43:45.239 [main] INFO  [o.s.b.w.s.c.ServletWebServerApplicationContext] - Root WebApplicationContext: initialization completed in 1547 ms
2023-06-01 14:43:48.440 [main] INFO  [o.s.security.web.DefaultSecurityFilterChain] - Will secure org.springframework.security.oauth2.server.authorization.config.annotation.web.configurers.OAuth2AuthorizationServerConfigurer$$Lambda$860/0x00000008011f38c0@67292fc7 with [org.springframework.security.web.session.DisableEncodeUrlFilter@4c1b4e07, org.springframework.security.web.context.request.async.WebAsyncManagerIntegrationFilter@34cfdd84, org.springframework.security.oauth2.server.authorization.config.annotation.web.configurers.AuthorizationServerContextFilter@7fc56d61, org.springframework.security.web.context.SecurityContextPersistenceFilter@1cca3e8c, org.springframework.security.web.header.HeaderWriterFilter@4742466e, org.springframework.security.web.csrf.CsrfFilter@716e6fa5, org.springframework.security.web.authentication.logout.LogoutFilter@7b2f8152, org.springframework.security.oauth2.server.authorization.web.OAuth2AuthorizationServerMetadataEndpointFilter@247dcbba, org.springframework.security.oauth2.server.authorization.web.OAuth2AuthorizationEndpointFilter@3e0704e2, org.springframework.security.oauth2.server.authorization.oidc.web.OidcProviderConfigurationEndpointFilter@75adb1c0, org.springframework.security.oauth2.server.authorization.web.NimbusJwkSetEndpointFilter@e5c52fa, org.springframework.security.oauth2.server.authorization.web.OAuth2ClientAuthenticationFilter@5af56240, org.springframework.security.oauth2.server.resource.web.BearerTokenAuthenticationFilter@349996a6, org.springframework.security.web.savedrequest.RequestCacheAwareFilter@55c8fc60, org.springframework.security.web.servletapi.SecurityContextHolderAwareRequestFilter@50d05167, org.springframework.security.web.authentication.AnonymousAuthenticationFilter@1c7744c1, org.springframework.security.web.session.SessionManagementFilter@4713b631, org.springframework.security.web.access.ExceptionTranslationFilter@2954c429, org.springframework.security.web.access.intercept.FilterSecurityInterceptor@510203de, org.springframework.security.oauth2.server.authorization.web.OAuth2TokenEndpointFilter@3f1fb139, org.springframework.security.oauth2.server.authorization.web.OAuth2TokenIntrospectionEndpointFilter@59aa2fba, org.springframework.security.oauth2.server.authorization.web.OAuth2TokenRevocationEndpointFilter@7d3815f7, org.springframework.security.oauth2.server.authorization.oidc.web.OidcUserInfoEndpointFilter@4fc256ec]
2023-06-01 14:43:49.089 [main] INFO  [o.s.boot.web.embedded.tomcat.TomcatWebServer] - Tomcat started on port(s): 8001 (http) with context path ''
2023-06-01 14:44:07.644 [http-nio-8001-exec-1] INFO  [org.springframework.web.servlet.DispatcherServlet] - Initializing Servlet 'dispatcherServlet'
2023-06-01 14:44:07.646 [http-nio-8001-exec-1] INFO  [org.springframework.web.servlet.DispatcherServlet] - Completed initialization in 1 ms
2023-06-01 14:52:01.319 [main] INFO  [o.s.c.b.c.PropertySourceBootstrapConfiguration] - Located property source: [BootstrapPropertySource {name='bootstrapProperties-auth.yml,DEFAULT_GROUP'}, BootstrapPropertySource {name='bootstrapProperties-auth,DEFAULT_GROUP'}]
2023-06-01 14:52:02.522 [main] INFO  [o.springframework.cloud.context.scope.GenericScope] - BeanFactory id=6e3b8903-bb0d-3be9-86cb-5fb2c93f829e
2023-06-01 14:52:02.940 [main] INFO  [o.s.boot.web.embedded.tomcat.TomcatWebServer] - Tomcat initialized with port(s): 8001 (http)
2023-06-01 14:52:03.081 [main] INFO  [o.s.b.w.s.c.ServletWebServerApplicationContext] - Root WebApplicationContext: initialization completed in 1714 ms
2023-06-01 14:52:05.367 [main] INFO  [o.s.security.web.DefaultSecurityFilterChain] - Will secure org.springframework.security.oauth2.server.authorization.config.annotation.web.configurers.OAuth2AuthorizationServerConfigurer$$Lambda$860/0x00000008011f4758@1c7744c1 with [org.springframework.security.web.session.DisableEncodeUrlFilter@320e179f, org.springframework.security.web.context.request.async.WebAsyncManagerIntegrationFilter@24731caf, org.springframework.security.oauth2.server.authorization.config.annotation.web.configurers.AuthorizationServerContextFilter@402feb85, org.springframework.security.web.context.SecurityContextPersistenceFilter@50d05167, org.springframework.security.web.header.HeaderWriterFilter@63b58ff4, org.springframework.security.web.csrf.CsrfFilter@4a3bf37c, org.springframework.security.web.authentication.logout.LogoutFilter@6738e8b2, org.springframework.security.oauth2.server.authorization.web.OAuth2AuthorizationServerMetadataEndpointFilter@5eef8a16, org.springframework.security.oauth2.server.authorization.web.OAuth2AuthorizationEndpointFilter@94aeba1, org.springframework.security.oauth2.server.authorization.oidc.web.OidcProviderConfigurationEndpointFilter@40d370fa, org.springframework.security.oauth2.server.authorization.web.NimbusJwkSetEndpointFilter@74d53d63, org.springframework.security.oauth2.server.authorization.web.OAuth2ClientAuthenticationFilter@64e89bb2, org.springframework.security.oauth2.server.resource.web.BearerTokenAuthenticationFilter@4c1b4e07, org.springframework.security.web.savedrequest.RequestCacheAwareFilter@4e4af370, org.springframework.security.web.servletapi.SecurityContextHolderAwareRequestFilter@5cf33d25, org.springframework.security.web.authentication.AnonymousAuthenticationFilter@6e1ad658, org.springframework.security.web.session.SessionManagementFilter@1cca3e8c, org.springframework.security.web.access.ExceptionTranslationFilter@83e5898, org.springframework.security.web.access.intercept.FilterSecurityInterceptor@62615be, org.springframework.security.oauth2.server.authorization.web.OAuth2TokenEndpointFilter@183a508b, org.springframework.security.oauth2.server.authorization.web.OAuth2TokenIntrospectionEndpointFilter@27682fa9, org.springframework.security.oauth2.server.authorization.web.OAuth2TokenRevocationEndpointFilter@594c66c3, org.springframework.security.oauth2.server.authorization.oidc.web.OidcUserInfoEndpointFilter@189e96af]
2023-06-01 14:52:06.039 [main] INFO  [o.s.boot.web.embedded.tomcat.TomcatWebServer] - Tomcat started on port(s): 8001 (http) with context path ''
2023-06-01 14:52:51.739 [http-nio-8001-exec-1] INFO  [org.springframework.web.servlet.DispatcherServlet] - Initializing Servlet 'dispatcherServlet'
2023-06-01 14:52:51.741 [http-nio-8001-exec-1] INFO  [org.springframework.web.servlet.DispatcherServlet] - Completed initialization in 2 ms
2023-06-01 15:15:39.588 [main] INFO  [o.s.c.b.c.PropertySourceBootstrapConfiguration] - Located property source: [BootstrapPropertySource {name='bootstrapProperties-auth.yml,DEFAULT_GROUP'}, BootstrapPropertySource {name='bootstrapProperties-auth,DEFAULT_GROUP'}]
2023-06-01 15:15:40.667 [main] INFO  [o.springframework.cloud.context.scope.GenericScope] - BeanFactory id=6e3b8903-bb0d-3be9-86cb-5fb2c93f829e
2023-06-01 15:15:41.053 [main] INFO  [o.s.boot.web.embedded.tomcat.TomcatWebServer] - Tomcat initialized with port(s): 8001 (http)
2023-06-01 15:15:41.176 [main] INFO  [o.s.b.w.s.c.ServletWebServerApplicationContext] - Root WebApplicationContext: initialization completed in 1517 ms
2023-06-01 15:15:43.293 [main] INFO  [o.s.security.web.DefaultSecurityFilterChain] - Will secure org.springframework.security.oauth2.server.authorization.config.annotation.web.configurers.OAuth2AuthorizationServerConfigurer$$Lambda$860/0x00000008011f4758@320e179f with [org.springframework.security.web.session.DisableEncodeUrlFilter@24731caf, org.springframework.security.web.context.request.async.WebAsyncManagerIntegrationFilter@6e1ad658, org.springframework.security.oauth2.server.authorization.config.annotation.web.configurers.AuthorizationServerContextFilter@14d53884, org.springframework.security.web.context.SecurityContextPersistenceFilter@1da32baf, org.springframework.security.web.header.HeaderWriterFilter@3691d4da, org.springframework.security.web.csrf.CsrfFilter@48aaaed9, org.springframework.security.web.authentication.logout.LogoutFilter@609ad016, org.springframework.security.oauth2.server.authorization.web.OAuth2AuthorizationServerMetadataEndpointFilter@1405aa6a, org.springframework.security.oauth2.server.authorization.web.OAuth2AuthorizationEndpointFilter@f6cde7e, org.springframework.security.oauth2.server.authorization.oidc.web.OidcProviderConfigurationEndpointFilter@5868ea91, org.springframework.security.oauth2.server.authorization.web.NimbusJwkSetEndpointFilter@18f27a81, org.springframework.security.oauth2.server.authorization.web.OAuth2ClientAuthenticationFilter@15fe020d, org.springframework.security.oauth2.server.resource.web.BearerTokenAuthenticationFilter@34cfdd84, org.springframework.security.web.savedrequest.RequestCacheAwareFilter@5cf33d25, org.springframework.security.web.servletapi.SecurityContextHolderAwareRequestFilter@efa04b5, org.springframework.security.web.authentication.AnonymousAuthenticationFilter@486dd616, org.springframework.security.web.session.SessionManagementFilter@46b2a11a, org.springframework.security.web.access.ExceptionTranslationFilter@7c4a03a, org.springframework.security.web.access.intercept.FilterSecurityInterceptor@477bea57, org.springframework.security.oauth2.server.authorization.web.OAuth2TokenEndpointFilter@5aeebccc, org.springframework.security.oauth2.server.authorization.web.OAuth2TokenIntrospectionEndpointFilter@2fb70301, org.springframework.security.oauth2.server.authorization.web.OAuth2TokenRevocationEndpointFilter@64e657b0, org.springframework.security.oauth2.server.authorization.oidc.web.OidcUserInfoEndpointFilter@45b6c666]
2023-06-01 15:15:44.000 [main] INFO  [o.s.boot.web.embedded.tomcat.TomcatWebServer] - Tomcat started on port(s): 8001 (http) with context path ''
2023-06-01 15:15:58.379 [http-nio-8001-exec-1] INFO  [org.springframework.web.servlet.DispatcherServlet] - Initializing Servlet 'dispatcherServlet'
2023-06-01 15:15:58.381 [http-nio-8001-exec-1] INFO  [org.springframework.web.servlet.DispatcherServlet] - Completed initialization in 2 ms
