2023-06-01 09:17:37.104 [http-nio-8001-exec-8] ERROR [o.a.c.c.C.[.[localhost].[/].[dispatcherServlet]] - Servlet.service() for servlet [dispatcherServlet] in context with path [] threw exception [Handler dispatch failed: java.lang.NoSuchMethodError: 'void org.springframework.http.ResponseEntity.<init>(java.lang.Object, org.springframework.http.HttpStatus)'] with root cause
java.lang.NoSuchMethodError: 'void org.springframework.http.ResponseEntity.<init>(java.lang.Object, org.springframework.http.HttpStatus)'
	at springfox.documentation.swagger.web.ApiResourceController.swaggerResources(ApiResourceController.java:74)
	at java.base/jdk.internal.reflect.NativeMethodAccessorImpl.invoke0(Native Method)
	at java.base/jdk.internal.reflect.NativeMethodAccessorImpl.invoke(NativeMethodAccessorImpl.java:77)
	at java.base/jdk.internal.reflect.DelegatingMethodAccessorImpl.invoke(DelegatingMethodAccessorImpl.java:43)
	at java.base/java.lang.reflect.Method.invoke(Method.java:568)
	at org.springframework.web.method.support.InvocableHandlerMethod.doInvoke(InvocableHandlerMethod.java:207)
	at org.springframework.web.method.support.InvocableHandlerMethod.invokeForRequest(InvocableHandlerMethod.java:152)
	at org.springframework.web.servlet.mvc.method.annotation.ServletInvocableHandlerMethod.invokeAndHandle(ServletInvocableHandlerMethod.java:118)
	at org.springframework.web.servlet.mvc.method.annotation.RequestMappingHandlerAdapter.invokeHandlerMethod(RequestMappingHandlerAdapter.java:884)
	at org.springframework.web.servlet.mvc.method.annotation.RequestMappingHandlerAdapter.handleInternal(RequestMappingHandlerAdapter.java:797)
	at org.springframework.web.servlet.mvc.method.AbstractHandlerMethodAdapter.handle(AbstractHandlerMethodAdapter.java:87)
	at org.springframework.web.servlet.DispatcherServlet.doDispatch(DispatcherServlet.java:1081)
	at org.springframework.web.servlet.DispatcherServlet.doService(DispatcherServlet.java:974)
	at org.springframework.web.servlet.FrameworkServlet.processRequest(FrameworkServlet.java:1011)
	at org.springframework.web.servlet.FrameworkServlet.doGet(FrameworkServlet.java:903)
	at jakarta.servlet.http.HttpServlet.service(HttpServlet.java:564)
	at org.springframework.web.servlet.FrameworkServlet.service(FrameworkServlet.java:885)
	at jakarta.servlet.http.HttpServlet.service(HttpServlet.java:658)
	at org.apache.catalina.core.ApplicationFilterChain.internalDoFilter(ApplicationFilterChain.java:205)
	at org.apache.catalina.core.ApplicationFilterChain.doFilter(ApplicationFilterChain.java:149)
	at org.apache.tomcat.websocket.server.WsFilter.doFilter(WsFilter.java:51)
	at org.apache.catalina.core.ApplicationFilterChain.internalDoFilter(ApplicationFilterChain.java:174)
	at org.apache.catalina.core.ApplicationFilterChain.doFilter(ApplicationFilterChain.java:149)
	at org.springframework.security.web.FilterChainProxy.doFilterInternal(FilterChainProxy.java:219)
	at org.springframework.security.web.FilterChainProxy.doFilter(FilterChainProxy.java:191)
	at org.springframework.web.filter.DelegatingFilterProxy.invokeDelegate(DelegatingFilterProxy.java:352)
	at org.springframework.web.filter.DelegatingFilterProxy.doFilter(DelegatingFilterProxy.java:268)
	at org.apache.catalina.core.ApplicationFilterChain.internalDoFilter(ApplicationFilterChain.java:174)
	at org.apache.catalina.core.ApplicationFilterChain.doFilter(ApplicationFilterChain.java:149)
	at org.springframework.web.filter.RequestContextFilter.doFilterInternal(RequestContextFilter.java:100)
	at org.springframework.web.filter.OncePerRequestFilter.doFilter(OncePerRequestFilter.java:116)
	at org.apache.catalina.core.ApplicationFilterChain.internalDoFilter(ApplicationFilterChain.java:174)
	at org.apache.catalina.core.ApplicationFilterChain.doFilter(ApplicationFilterChain.java:149)
	at org.springframework.web.filter.FormContentFilter.doFilterInternal(FormContentFilter.java:93)
	at org.springframework.web.filter.OncePerRequestFilter.doFilter(OncePerRequestFilter.java:116)
	at org.apache.catalina.core.ApplicationFilterChain.internalDoFilter(ApplicationFilterChain.java:174)
	at org.apache.catalina.core.ApplicationFilterChain.doFilter(ApplicationFilterChain.java:149)
	at org.springframework.web.filter.CharacterEncodingFilter.doFilterInternal(CharacterEncodingFilter.java:201)
	at org.springframework.web.filter.OncePerRequestFilter.doFilter(OncePerRequestFilter.java:116)
	at org.apache.catalina.core.ApplicationFilterChain.internalDoFilter(ApplicationFilterChain.java:174)
	at org.apache.catalina.core.ApplicationFilterChain.doFilter(ApplicationFilterChain.java:149)
	at org.apache.catalina.core.StandardWrapperValve.invoke(StandardWrapperValve.java:166)
	at org.apache.catalina.core.StandardContextValve.invoke(StandardContextValve.java:90)
	at org.apache.catalina.authenticator.AuthenticatorBase.invoke(AuthenticatorBase.java:482)
	at org.apache.catalina.core.StandardHostValve.invoke(StandardHostValve.java:115)
	at org.apache.catalina.valves.ErrorReportValve.invoke(ErrorReportValve.java:93)
	at org.apache.catalina.core.StandardEngineValve.invoke(StandardEngineValve.java:74)
	at org.apache.catalina.connector.CoyoteAdapter.service(CoyoteAdapter.java:341)
	at org.apache.coyote.http11.Http11Processor.service(Http11Processor.java:390)
	at org.apache.coyote.AbstractProcessorLight.process(AbstractProcessorLight.java:63)
	at org.apache.coyote.AbstractProtocol$ConnectionHandler.process(AbstractProtocol.java:894)
	at org.apache.tomcat.util.net.NioEndpoint$SocketProcessor.doRun(NioEndpoint.java:1741)
	at org.apache.tomcat.util.net.SocketProcessorBase.run(SocketProcessorBase.java:52)
	at org.apache.tomcat.util.threads.ThreadPoolExecutor.runWorker(ThreadPoolExecutor.java:1191)
	at org.apache.tomcat.util.threads.ThreadPoolExecutor$Worker.run(ThreadPoolExecutor.java:659)
	at org.apache.tomcat.util.threads.TaskThread$WrappingRunnable.run(TaskThread.java:61)
	at java.base/java.lang.Thread.run(Thread.java:833)
2023-06-01 09:17:45.881 [http-nio-8001-exec-10] ERROR [o.a.c.c.C.[.[localhost].[/].[dispatcherServlet]] - Servlet.service() for servlet [dispatcherServlet] in context with path [] threw exception [Handler dispatch failed: java.lang.NoSuchMethodError: 'void org.springframework.http.ResponseEntity.<init>(java.lang.Object, org.springframework.http.HttpStatus)'] with root cause
java.lang.NoSuchMethodError: 'void org.springframework.http.ResponseEntity.<init>(java.lang.Object, org.springframework.http.HttpStatus)'
	at springfox.documentation.swagger.web.ApiResourceController.swaggerResources(ApiResourceController.java:74)
	at java.base/jdk.internal.reflect.NativeMethodAccessorImpl.invoke0(Native Method)
	at java.base/jdk.internal.reflect.NativeMethodAccessorImpl.invoke(NativeMethodAccessorImpl.java:77)
	at java.base/jdk.internal.reflect.DelegatingMethodAccessorImpl.invoke(DelegatingMethodAccessorImpl.java:43)
	at java.base/java.lang.reflect.Method.invoke(Method.java:568)
	at org.springframework.web.method.support.InvocableHandlerMethod.doInvoke(InvocableHandlerMethod.java:207)
	at org.springframework.web.method.support.InvocableHandlerMethod.invokeForRequest(InvocableHandlerMethod.java:152)
	at org.springframework.web.servlet.mvc.method.annotation.ServletInvocableHandlerMethod.invokeAndHandle(ServletInvocableHandlerMethod.java:118)
	at org.springframework.web.servlet.mvc.method.annotation.RequestMappingHandlerAdapter.invokeHandlerMethod(RequestMappingHandlerAdapter.java:884)
	at org.springframework.web.servlet.mvc.method.annotation.RequestMappingHandlerAdapter.handleInternal(RequestMappingHandlerAdapter.java:797)
	at org.springframework.web.servlet.mvc.method.AbstractHandlerMethodAdapter.handle(AbstractHandlerMethodAdapter.java:87)
	at org.springframework.web.servlet.DispatcherServlet.doDispatch(DispatcherServlet.java:1081)
	at org.springframework.web.servlet.DispatcherServlet.doService(DispatcherServlet.java:974)
	at org.springframework.web.servlet.FrameworkServlet.processRequest(FrameworkServlet.java:1011)
	at org.springframework.web.servlet.FrameworkServlet.doGet(FrameworkServlet.java:903)
	at jakarta.servlet.http.HttpServlet.service(HttpServlet.java:564)
	at org.springframework.web.servlet.FrameworkServlet.service(FrameworkServlet.java:885)
	at jakarta.servlet.http.HttpServlet.service(HttpServlet.java:658)
	at org.apache.catalina.core.ApplicationFilterChain.internalDoFilter(ApplicationFilterChain.java:205)
	at org.apache.catalina.core.ApplicationFilterChain.doFilter(ApplicationFilterChain.java:149)
	at org.apache.tomcat.websocket.server.WsFilter.doFilter(WsFilter.java:51)
	at org.apache.catalina.core.ApplicationFilterChain.internalDoFilter(ApplicationFilterChain.java:174)
	at org.apache.catalina.core.ApplicationFilterChain.doFilter(ApplicationFilterChain.java:149)
	at org.springframework.security.web.FilterChainProxy.doFilterInternal(FilterChainProxy.java:219)
	at org.springframework.security.web.FilterChainProxy.doFilter(FilterChainProxy.java:191)
	at org.springframework.web.filter.DelegatingFilterProxy.invokeDelegate(DelegatingFilterProxy.java:352)
	at org.springframework.web.filter.DelegatingFilterProxy.doFilter(DelegatingFilterProxy.java:268)
	at org.apache.catalina.core.ApplicationFilterChain.internalDoFilter(ApplicationFilterChain.java:174)
	at org.apache.catalina.core.ApplicationFilterChain.doFilter(ApplicationFilterChain.java:149)
	at org.springframework.web.filter.RequestContextFilter.doFilterInternal(RequestContextFilter.java:100)
	at org.springframework.web.filter.OncePerRequestFilter.doFilter(OncePerRequestFilter.java:116)
	at org.apache.catalina.core.ApplicationFilterChain.internalDoFilter(ApplicationFilterChain.java:174)
	at org.apache.catalina.core.ApplicationFilterChain.doFilter(ApplicationFilterChain.java:149)
	at org.springframework.web.filter.FormContentFilter.doFilterInternal(FormContentFilter.java:93)
	at org.springframework.web.filter.OncePerRequestFilter.doFilter(OncePerRequestFilter.java:116)
	at org.apache.catalina.core.ApplicationFilterChain.internalDoFilter(ApplicationFilterChain.java:174)
	at org.apache.catalina.core.ApplicationFilterChain.doFilter(ApplicationFilterChain.java:149)
	at org.springframework.web.filter.CharacterEncodingFilter.doFilterInternal(CharacterEncodingFilter.java:201)
	at org.springframework.web.filter.OncePerRequestFilter.doFilter(OncePerRequestFilter.java:116)
	at org.apache.catalina.core.ApplicationFilterChain.internalDoFilter(ApplicationFilterChain.java:174)
	at org.apache.catalina.core.ApplicationFilterChain.doFilter(ApplicationFilterChain.java:149)
	at org.apache.catalina.core.StandardWrapperValve.invoke(StandardWrapperValve.java:166)
	at org.apache.catalina.core.StandardContextValve.invoke(StandardContextValve.java:90)
	at org.apache.catalina.authenticator.AuthenticatorBase.invoke(AuthenticatorBase.java:482)
	at org.apache.catalina.core.StandardHostValve.invoke(StandardHostValve.java:115)
	at org.apache.catalina.valves.ErrorReportValve.invoke(ErrorReportValve.java:93)
	at org.apache.catalina.core.StandardEngineValve.invoke(StandardEngineValve.java:74)
	at org.apache.catalina.connector.CoyoteAdapter.service(CoyoteAdapter.java:341)
	at org.apache.coyote.http11.Http11Processor.service(Http11Processor.java:390)
	at org.apache.coyote.AbstractProcessorLight.process(AbstractProcessorLight.java:63)
	at org.apache.coyote.AbstractProtocol$ConnectionHandler.process(AbstractProtocol.java:894)
	at org.apache.tomcat.util.net.NioEndpoint$SocketProcessor.doRun(NioEndpoint.java:1741)
	at org.apache.tomcat.util.net.SocketProcessorBase.run(SocketProcessorBase.java:52)
	at org.apache.tomcat.util.threads.ThreadPoolExecutor.runWorker(ThreadPoolExecutor.java:1191)
	at org.apache.tomcat.util.threads.ThreadPoolExecutor$Worker.run(ThreadPoolExecutor.java:659)
	at org.apache.tomcat.util.threads.TaskThread$WrappingRunnable.run(TaskThread.java:61)
	at java.base/java.lang.Thread.run(Thread.java:833)
2023-06-01 09:25:32.307 [http-nio-8001-exec-2] ERROR [o.a.c.c.C.[.[localhost].[/].[dispatcherServlet]] - Servlet.service() for servlet [dispatcherServlet] in context with path [] threw exception [Handler dispatch failed: java.lang.NoSuchMethodError: 'void org.springframework.http.ResponseEntity.<init>(java.lang.Object, org.springframework.http.HttpStatus)'] with root cause
java.lang.NoSuchMethodError: 'void org.springframework.http.ResponseEntity.<init>(java.lang.Object, org.springframework.http.HttpStatus)'
	at springfox.documentation.swagger.web.ApiResourceController.swaggerResources(ApiResourceController.java:74)
	at java.base/jdk.internal.reflect.NativeMethodAccessorImpl.invoke0(Native Method)
	at java.base/jdk.internal.reflect.NativeMethodAccessorImpl.invoke(NativeMethodAccessorImpl.java:77)
	at java.base/jdk.internal.reflect.DelegatingMethodAccessorImpl.invoke(DelegatingMethodAccessorImpl.java:43)
	at java.base/java.lang.reflect.Method.invoke(Method.java:568)
	at org.springframework.web.method.support.InvocableHandlerMethod.doInvoke(InvocableHandlerMethod.java:207)
	at org.springframework.web.method.support.InvocableHandlerMethod.invokeForRequest(InvocableHandlerMethod.java:152)
	at org.springframework.web.servlet.mvc.method.annotation.ServletInvocableHandlerMethod.invokeAndHandle(ServletInvocableHandlerMethod.java:118)
	at org.springframework.web.servlet.mvc.method.annotation.RequestMappingHandlerAdapter.invokeHandlerMethod(RequestMappingHandlerAdapter.java:884)
	at org.springframework.web.servlet.mvc.method.annotation.RequestMappingHandlerAdapter.handleInternal(RequestMappingHandlerAdapter.java:797)
	at org.springframework.web.servlet.mvc.method.AbstractHandlerMethodAdapter.handle(AbstractHandlerMethodAdapter.java:87)
	at org.springframework.web.servlet.DispatcherServlet.doDispatch(DispatcherServlet.java:1081)
	at org.springframework.web.servlet.DispatcherServlet.doService(DispatcherServlet.java:974)
	at org.springframework.web.servlet.FrameworkServlet.processRequest(FrameworkServlet.java:1011)
	at org.springframework.web.servlet.FrameworkServlet.doGet(FrameworkServlet.java:903)
	at jakarta.servlet.http.HttpServlet.service(HttpServlet.java:564)
	at org.springframework.web.servlet.FrameworkServlet.service(FrameworkServlet.java:885)
	at jakarta.servlet.http.HttpServlet.service(HttpServlet.java:658)
	at org.apache.catalina.core.ApplicationFilterChain.internalDoFilter(ApplicationFilterChain.java:205)
	at org.apache.catalina.core.ApplicationFilterChain.doFilter(ApplicationFilterChain.java:149)
	at org.apache.tomcat.websocket.server.WsFilter.doFilter(WsFilter.java:51)
	at org.apache.catalina.core.ApplicationFilterChain.internalDoFilter(ApplicationFilterChain.java:174)
	at org.apache.catalina.core.ApplicationFilterChain.doFilter(ApplicationFilterChain.java:149)
	at org.springframework.security.web.FilterChainProxy.doFilterInternal(FilterChainProxy.java:219)
	at org.springframework.security.web.FilterChainProxy.doFilter(FilterChainProxy.java:191)
	at org.springframework.web.filter.DelegatingFilterProxy.invokeDelegate(DelegatingFilterProxy.java:352)
	at org.springframework.web.filter.DelegatingFilterProxy.doFilter(DelegatingFilterProxy.java:268)
	at org.apache.catalina.core.ApplicationFilterChain.internalDoFilter(ApplicationFilterChain.java:174)
	at org.apache.catalina.core.ApplicationFilterChain.doFilter(ApplicationFilterChain.java:149)
	at org.springframework.web.filter.RequestContextFilter.doFilterInternal(RequestContextFilter.java:100)
	at org.springframework.web.filter.OncePerRequestFilter.doFilter(OncePerRequestFilter.java:116)
	at org.apache.catalina.core.ApplicationFilterChain.internalDoFilter(ApplicationFilterChain.java:174)
	at org.apache.catalina.core.ApplicationFilterChain.doFilter(ApplicationFilterChain.java:149)
	at org.springframework.web.filter.FormContentFilter.doFilterInternal(FormContentFilter.java:93)
	at org.springframework.web.filter.OncePerRequestFilter.doFilter(OncePerRequestFilter.java:116)
	at org.apache.catalina.core.ApplicationFilterChain.internalDoFilter(ApplicationFilterChain.java:174)
	at org.apache.catalina.core.ApplicationFilterChain.doFilter(ApplicationFilterChain.java:149)
	at org.springframework.web.filter.CharacterEncodingFilter.doFilterInternal(CharacterEncodingFilter.java:201)
	at org.springframework.web.filter.OncePerRequestFilter.doFilter(OncePerRequestFilter.java:116)
	at org.apache.catalina.core.ApplicationFilterChain.internalDoFilter(ApplicationFilterChain.java:174)
	at org.apache.catalina.core.ApplicationFilterChain.doFilter(ApplicationFilterChain.java:149)
	at org.apache.catalina.core.StandardWrapperValve.invoke(StandardWrapperValve.java:166)
	at org.apache.catalina.core.StandardContextValve.invoke(StandardContextValve.java:90)
	at org.apache.catalina.authenticator.AuthenticatorBase.invoke(AuthenticatorBase.java:482)
	at org.apache.catalina.core.StandardHostValve.invoke(StandardHostValve.java:115)
	at org.apache.catalina.valves.ErrorReportValve.invoke(ErrorReportValve.java:93)
	at org.apache.catalina.core.StandardEngineValve.invoke(StandardEngineValve.java:74)
	at org.apache.catalina.connector.CoyoteAdapter.service(CoyoteAdapter.java:341)
	at org.apache.coyote.http11.Http11Processor.service(Http11Processor.java:390)
	at org.apache.coyote.AbstractProcessorLight.process(AbstractProcessorLight.java:63)
	at org.apache.coyote.AbstractProtocol$ConnectionHandler.process(AbstractProtocol.java:894)
	at org.apache.tomcat.util.net.NioEndpoint$SocketProcessor.doRun(NioEndpoint.java:1741)
	at org.apache.tomcat.util.net.SocketProcessorBase.run(SocketProcessorBase.java:52)
	at org.apache.tomcat.util.threads.ThreadPoolExecutor.runWorker(ThreadPoolExecutor.java:1191)
	at org.apache.tomcat.util.threads.ThreadPoolExecutor$Worker.run(ThreadPoolExecutor.java:659)
	at org.apache.tomcat.util.threads.TaskThread$WrappingRunnable.run(TaskThread.java:61)
	at java.base/java.lang.Thread.run(Thread.java:833)
2023-06-01 14:08:45.810 [http-nio-8002-exec-3] ERROR [s.d.s.m.ReferenceModelSpecificationToPropertyConverter] - Unable to find a model that matches key ModelKey{qualifiedModelName=ModelName{namespace='java.lang', name='Void'}, viewDiscriminator=null, validationGroupDiscriminators=[], isResponse=true}
2023-06-01 14:08:45.827 [http-nio-8002-exec-3] ERROR [s.d.s.m.ReferenceModelSpecificationToPropertyConverter] - Unable to find a model that matches key ModelKey{qualifiedModelName=ModelName{namespace='java.lang', name='Void'}, viewDiscriminator=null, validationGroupDiscriminators=[], isResponse=true}
2023-06-01 14:08:50.091 [http-nio-8002-exec-5] ERROR [s.d.s.m.ReferenceModelSpecificationToPropertyConverter] - Unable to find a model that matches key ModelKey{qualifiedModelName=ModelName{namespace='java.lang', name='Void'}, viewDiscriminator=null, validationGroupDiscriminators=[], isResponse=true}
2023-06-01 14:08:50.092 [http-nio-8002-exec-5] ERROR [s.d.s.m.ReferenceModelSpecificationToPropertyConverter] - Unable to find a model that matches key ModelKey{qualifiedModelName=ModelName{namespace='java.lang', name='Void'}, viewDiscriminator=null, validationGroupDiscriminators=[], isResponse=true}
2023-06-01 14:08:52.367 [http-nio-8002-exec-7] ERROR [s.d.s.m.ReferenceModelSpecificationToPropertyConverter] - Unable to find a model that matches key ModelKey{qualifiedModelName=ModelName{namespace='java.lang', name='Void'}, viewDiscriminator=null, validationGroupDiscriminators=[], isResponse=true}
2023-06-01 14:08:52.368 [http-nio-8002-exec-7] ERROR [s.d.s.m.ReferenceModelSpecificationToPropertyConverter] - Unable to find a model that matches key ModelKey{qualifiedModelName=ModelName{namespace='java.lang', name='Void'}, viewDiscriminator=null, validationGroupDiscriminators=[], isResponse=true}
2023-06-01 14:08:55.719 [http-nio-8002-exec-9] ERROR [s.d.s.m.ReferenceModelSpecificationToPropertyConverter] - Unable to find a model that matches key ModelKey{qualifiedModelName=ModelName{namespace='java.lang', name='Void'}, viewDiscriminator=null, validationGroupDiscriminators=[], isResponse=true}
2023-06-01 14:08:55.721 [http-nio-8002-exec-9] ERROR [s.d.s.m.ReferenceModelSpecificationToPropertyConverter] - Unable to find a model that matches key ModelKey{qualifiedModelName=ModelName{namespace='java.lang', name='Void'}, viewDiscriminator=null, validationGroupDiscriminators=[], isResponse=true}
2023-06-01 14:09:05.236 [http-nio-8002-exec-2] ERROR [s.d.s.m.ReferenceModelSpecificationToPropertyConverter] - Unable to find a model that matches key ModelKey{qualifiedModelName=ModelName{namespace='java.lang', name='Void'}, viewDiscriminator=null, validationGroupDiscriminators=[], isResponse=true}
2023-06-01 14:09:05.237 [http-nio-8002-exec-2] ERROR [s.d.s.m.ReferenceModelSpecificationToPropertyConverter] - Unable to find a model that matches key ModelKey{qualifiedModelName=ModelName{namespace='java.lang', name='Void'}, viewDiscriminator=null, validationGroupDiscriminators=[], isResponse=true}
2023-06-01 14:09:07.525 [http-nio-8002-exec-4] ERROR [s.d.s.m.ReferenceModelSpecificationToPropertyConverter] - Unable to find a model that matches key ModelKey{qualifiedModelName=ModelName{namespace='java.lang', name='Void'}, viewDiscriminator=null, validationGroupDiscriminators=[], isResponse=true}
2023-06-01 14:09:07.526 [http-nio-8002-exec-4] ERROR [s.d.s.m.ReferenceModelSpecificationToPropertyConverter] - Unable to find a model that matches key ModelKey{qualifiedModelName=ModelName{namespace='java.lang', name='Void'}, viewDiscriminator=null, validationGroupDiscriminators=[], isResponse=true}
2023-06-01 14:09:09.624 [http-nio-8002-exec-6] ERROR [s.d.s.m.ReferenceModelSpecificationToPropertyConverter] - Unable to find a model that matches key ModelKey{qualifiedModelName=ModelName{namespace='java.lang', name='Void'}, viewDiscriminator=null, validationGroupDiscriminators=[], isResponse=true}
2023-06-01 14:09:09.625 [http-nio-8002-exec-6] ERROR [s.d.s.m.ReferenceModelSpecificationToPropertyConverter] - Unable to find a model that matches key ModelKey{qualifiedModelName=ModelName{namespace='java.lang', name='Void'}, viewDiscriminator=null, validationGroupDiscriminators=[], isResponse=true}
2023-06-01 14:09:54.536 [http-nio-8002-exec-9] ERROR [s.d.s.m.ReferenceModelSpecificationToPropertyConverter] - Unable to find a model that matches key ModelKey{qualifiedModelName=ModelName{namespace='java.lang', name='Void'}, viewDiscriminator=null, validationGroupDiscriminators=[], isResponse=true}
2023-06-01 14:09:54.537 [http-nio-8002-exec-9] ERROR [s.d.s.m.ReferenceModelSpecificationToPropertyConverter] - Unable to find a model that matches key ModelKey{qualifiedModelName=ModelName{namespace='java.lang', name='Void'}, viewDiscriminator=null, validationGroupDiscriminators=[], isResponse=true}
2023-06-01 14:14:13.384 [http-nio-8002-exec-3] ERROR [s.d.s.m.ReferenceModelSpecificationToPropertyConverter] - Unable to find a model that matches key ModelKey{qualifiedModelName=ModelName{namespace='java.lang', name='Void'}, viewDiscriminator=null, validationGroupDiscriminators=[], isResponse=true}
2023-06-01 14:14:13.395 [http-nio-8002-exec-3] ERROR [s.d.s.m.ReferenceModelSpecificationToPropertyConverter] - Unable to find a model that matches key ModelKey{qualifiedModelName=ModelName{namespace='java.lang', name='Void'}, viewDiscriminator=null, validationGroupDiscriminators=[], isResponse=true}
2023-06-01 14:14:16.292 [http-nio-8002-exec-5] ERROR [s.d.s.m.ReferenceModelSpecificationToPropertyConverter] - Unable to find a model that matches key ModelKey{qualifiedModelName=ModelName{namespace='java.lang', name='Void'}, viewDiscriminator=null, validationGroupDiscriminators=[], isResponse=true}
2023-06-01 14:14:16.293 [http-nio-8002-exec-5] ERROR [s.d.s.m.ReferenceModelSpecificationToPropertyConverter] - Unable to find a model that matches key ModelKey{qualifiedModelName=ModelName{namespace='java.lang', name='Void'}, viewDiscriminator=null, validationGroupDiscriminators=[], isResponse=true}
2023-06-01 14:14:30.933 [http-nio-8002-exec-8] ERROR [s.d.s.m.ReferenceModelSpecificationToPropertyConverter] - Unable to find a model that matches key ModelKey{qualifiedModelName=ModelName{namespace='java.lang', name='Void'}, viewDiscriminator=null, validationGroupDiscriminators=[], isResponse=true}
2023-06-01 14:14:30.934 [http-nio-8002-exec-8] ERROR [s.d.s.m.ReferenceModelSpecificationToPropertyConverter] - Unable to find a model that matches key ModelKey{qualifiedModelName=ModelName{namespace='java.lang', name='Void'}, viewDiscriminator=null, validationGroupDiscriminators=[], isResponse=true}
2023-06-01 14:14:32.375 [http-nio-8002-exec-1] ERROR [s.d.s.m.ReferenceModelSpecificationToPropertyConverter] - Unable to find a model that matches key ModelKey{qualifiedModelName=ModelName{namespace='java.lang', name='Void'}, viewDiscriminator=null, validationGroupDiscriminators=[], isResponse=true}
2023-06-01 14:14:32.377 [http-nio-8002-exec-1] ERROR [s.d.s.m.ReferenceModelSpecificationToPropertyConverter] - Unable to find a model that matches key ModelKey{qualifiedModelName=ModelName{namespace='java.lang', name='Void'}, viewDiscriminator=null, validationGroupDiscriminators=[], isResponse=true}
2023-06-01 14:14:36.522 [http-nio-8002-exec-3] ERROR [s.d.s.m.ReferenceModelSpecificationToPropertyConverter] - Unable to find a model that matches key ModelKey{qualifiedModelName=ModelName{namespace='java.lang', name='Void'}, viewDiscriminator=null, validationGroupDiscriminators=[], isResponse=true}
2023-06-01 14:14:36.524 [http-nio-8002-exec-3] ERROR [s.d.s.m.ReferenceModelSpecificationToPropertyConverter] - Unable to find a model that matches key ModelKey{qualifiedModelName=ModelName{namespace='java.lang', name='Void'}, viewDiscriminator=null, validationGroupDiscriminators=[], isResponse=true}
2023-06-01 14:18:40.345 [http-nio-8002-exec-3] ERROR [s.d.s.m.ReferenceModelSpecificationToPropertyConverter] - Unable to find a model that matches key ModelKey{qualifiedModelName=ModelName{namespace='java.lang', name='Void'}, viewDiscriminator=null, validationGroupDiscriminators=[], isResponse=true}
2023-06-01 14:18:40.352 [http-nio-8002-exec-3] ERROR [s.d.s.m.ReferenceModelSpecificationToPropertyConverter] - Unable to find a model that matches key ModelKey{qualifiedModelName=ModelName{namespace='java.lang', name='Void'}, viewDiscriminator=null, validationGroupDiscriminators=[], isResponse=true}
2023-06-01 14:18:43.080 [http-nio-8002-exec-5] ERROR [s.d.s.m.ReferenceModelSpecificationToPropertyConverter] - Unable to find a model that matches key ModelKey{qualifiedModelName=ModelName{namespace='java.lang', name='Void'}, viewDiscriminator=null, validationGroupDiscriminators=[], isResponse=true}
2023-06-01 14:18:43.081 [http-nio-8002-exec-5] ERROR [s.d.s.m.ReferenceModelSpecificationToPropertyConverter] - Unable to find a model that matches key ModelKey{qualifiedModelName=ModelName{namespace='java.lang', name='Void'}, viewDiscriminator=null, validationGroupDiscriminators=[], isResponse=true}
2023-06-01 14:18:45.392 [http-nio-8002-exec-7] ERROR [s.d.s.m.ReferenceModelSpecificationToPropertyConverter] - Unable to find a model that matches key ModelKey{qualifiedModelName=ModelName{namespace='java.lang', name='Void'}, viewDiscriminator=null, validationGroupDiscriminators=[], isResponse=true}
2023-06-01 14:18:45.394 [http-nio-8002-exec-7] ERROR [s.d.s.m.ReferenceModelSpecificationToPropertyConverter] - Unable to find a model that matches key ModelKey{qualifiedModelName=ModelName{namespace='java.lang', name='Void'}, viewDiscriminator=null, validationGroupDiscriminators=[], isResponse=true}
2023-06-01 14:18:54.016 [http-nio-8002-exec-10] ERROR [s.d.s.m.ReferenceModelSpecificationToPropertyConverter] - Unable to find a model that matches key ModelKey{qualifiedModelName=ModelName{namespace='java.lang', name='Void'}, viewDiscriminator=null, validationGroupDiscriminators=[], isResponse=true}
2023-06-01 14:18:54.017 [http-nio-8002-exec-10] ERROR [s.d.s.m.ReferenceModelSpecificationToPropertyConverter] - Unable to find a model that matches key ModelKey{qualifiedModelName=ModelName{namespace='java.lang', name='Void'}, viewDiscriminator=null, validationGroupDiscriminators=[], isResponse=true}
2023-06-01 14:18:55.332 [http-nio-8002-exec-4] ERROR [s.d.s.m.ReferenceModelSpecificationToPropertyConverter] - Unable to find a model that matches key ModelKey{qualifiedModelName=ModelName{namespace='java.lang', name='Void'}, viewDiscriminator=null, validationGroupDiscriminators=[], isResponse=true}
2023-06-01 14:18:55.334 [http-nio-8002-exec-4] ERROR [s.d.s.m.ReferenceModelSpecificationToPropertyConverter] - Unable to find a model that matches key ModelKey{qualifiedModelName=ModelName{namespace='java.lang', name='Void'}, viewDiscriminator=null, validationGroupDiscriminators=[], isResponse=true}
2023-06-01 14:18:56.022 [http-nio-8002-exec-9] ERROR [s.d.s.m.ReferenceModelSpecificationToPropertyConverter] - Unable to find a model that matches key ModelKey{qualifiedModelName=ModelName{namespace='java.lang', name='Void'}, viewDiscriminator=null, validationGroupDiscriminators=[], isResponse=true}
2023-06-01 14:18:56.024 [http-nio-8002-exec-9] ERROR [s.d.s.m.ReferenceModelSpecificationToPropertyConverter] - Unable to find a model that matches key ModelKey{qualifiedModelName=ModelName{namespace='java.lang', name='Void'}, viewDiscriminator=null, validationGroupDiscriminators=[], isResponse=true}
2023-06-01 14:18:57.030 [http-nio-8002-exec-2] ERROR [s.d.s.m.ReferenceModelSpecificationToPropertyConverter] - Unable to find a model that matches key ModelKey{qualifiedModelName=ModelName{namespace='java.lang', name='Void'}, viewDiscriminator=null, validationGroupDiscriminators=[], isResponse=true}
2023-06-01 14:18:57.031 [http-nio-8002-exec-2] ERROR [s.d.s.m.ReferenceModelSpecificationToPropertyConverter] - Unable to find a model that matches key ModelKey{qualifiedModelName=ModelName{namespace='java.lang', name='Void'}, viewDiscriminator=null, validationGroupDiscriminators=[], isResponse=true}
2023-06-01 14:18:59.399 [http-nio-8002-exec-4] ERROR [s.d.s.m.ReferenceModelSpecificationToPropertyConverter] - Unable to find a model that matches key ModelKey{qualifiedModelName=ModelName{namespace='java.lang', name='Void'}, viewDiscriminator=null, validationGroupDiscriminators=[], isResponse=true}
2023-06-01 14:18:59.401 [http-nio-8002-exec-4] ERROR [s.d.s.m.ReferenceModelSpecificationToPropertyConverter] - Unable to find a model that matches key ModelKey{qualifiedModelName=ModelName{namespace='java.lang', name='Void'}, viewDiscriminator=null, validationGroupDiscriminators=[], isResponse=true}
2023-06-01 14:23:29.508 [http-nio-8002-exec-2] ERROR [s.d.s.m.ReferenceModelSpecificationToPropertyConverter] - Unable to find a model that matches key ModelKey{qualifiedModelName=ModelName{namespace='java.lang', name='Void'}, viewDiscriminator=null, validationGroupDiscriminators=[], isResponse=true}
2023-06-01 14:23:29.515 [http-nio-8002-exec-2] ERROR [s.d.s.m.ReferenceModelSpecificationToPropertyConverter] - Unable to find a model that matches key ModelKey{qualifiedModelName=ModelName{namespace='java.lang', name='Void'}, viewDiscriminator=null, validationGroupDiscriminators=[], isResponse=true}
2023-06-01 14:23:31.653 [http-nio-8002-exec-5] ERROR [s.d.s.m.ReferenceModelSpecificationToPropertyConverter] - Unable to find a model that matches key ModelKey{qualifiedModelName=ModelName{namespace='java.lang', name='Void'}, viewDiscriminator=null, validationGroupDiscriminators=[], isResponse=true}
2023-06-01 14:23:31.655 [http-nio-8002-exec-5] ERROR [s.d.s.m.ReferenceModelSpecificationToPropertyConverter] - Unable to find a model that matches key ModelKey{qualifiedModelName=ModelName{namespace='java.lang', name='Void'}, viewDiscriminator=null, validationGroupDiscriminators=[], isResponse=true}
2023-06-01 14:24:42.251 [http-nio-8002-exec-7] ERROR [s.d.s.m.ReferenceModelSpecificationToPropertyConverter] - Unable to find a model that matches key ModelKey{qualifiedModelName=ModelName{namespace='java.lang', name='Void'}, viewDiscriminator=null, validationGroupDiscriminators=[], isResponse=true}
2023-06-01 14:24:55.621 [http-nio-8002-exec-7] ERROR [s.d.s.m.ReferenceModelSpecificationToPropertyConverter] - Unable to find a model that matches key ModelKey{qualifiedModelName=ModelName{namespace='java.lang', name='Void'}, viewDiscriminator=null, validationGroupDiscriminators=[], isResponse=true}
2023-06-01 14:25:02.966 [http-nio-8002-exec-1] ERROR [s.d.s.m.ReferenceModelSpecificationToPropertyConverter] - Unable to find a model that matches key ModelKey{qualifiedModelName=ModelName{namespace='java.lang', name='Void'}, viewDiscriminator=null, validationGroupDiscriminators=[], isResponse=true}
2023-06-01 14:25:02.970 [http-nio-8002-exec-1] ERROR [s.d.s.m.ReferenceModelSpecificationToPropertyConverter] - Unable to find a model that matches key ModelKey{qualifiedModelName=ModelName{namespace='java.lang', name='Void'}, viewDiscriminator=null, validationGroupDiscriminators=[], isResponse=true}
2023-06-01 14:25:58.262 [http-nio-8002-exec-3] ERROR [s.d.s.m.ReferenceModelSpecificationToPropertyConverter] - Unable to find a model that matches key ModelKey{qualifiedModelName=ModelName{namespace='java.lang', name='Void'}, viewDiscriminator=null, validationGroupDiscriminators=[], isResponse=true}
2023-06-01 14:26:13.041 [http-nio-8002-exec-3] ERROR [s.d.s.m.ReferenceModelSpecificationToPropertyConverter] - Unable to find a model that matches key ModelKey{qualifiedModelName=ModelName{namespace='java.lang', name='Void'}, viewDiscriminator=null, validationGroupDiscriminators=[], isResponse=true}
2023-06-01 14:27:57.073 [http-nio-8002-exec-3] ERROR [s.d.s.m.ReferenceModelSpecificationToPropertyConverter] - Unable to find a model that matches key ModelKey{qualifiedModelName=ModelName{namespace='java.lang', name='Void'}, viewDiscriminator=null, validationGroupDiscriminators=[], isResponse=true}
2023-06-01 14:27:57.113 [http-nio-8002-exec-3] ERROR [s.d.s.m.ReferenceModelSpecificationToPropertyConverter] - Unable to find a model that matches key ModelKey{qualifiedModelName=ModelName{namespace='java.lang', name='Void'}, viewDiscriminator=null, validationGroupDiscriminators=[], isResponse=true}
2023-06-01 14:28:04.841 [http-nio-8002-exec-5] ERROR [s.d.s.m.ReferenceModelSpecificationToPropertyConverter] - Unable to find a model that matches key ModelKey{qualifiedModelName=ModelName{namespace='java.lang', name='Void'}, viewDiscriminator=null, validationGroupDiscriminators=[], isResponse=true}
2023-06-01 14:28:04.842 [http-nio-8002-exec-5] ERROR [s.d.s.m.ReferenceModelSpecificationToPropertyConverter] - Unable to find a model that matches key ModelKey{qualifiedModelName=ModelName{namespace='java.lang', name='Void'}, viewDiscriminator=null, validationGroupDiscriminators=[], isResponse=true}
2023-06-01 14:44:07.684 [http-nio-8001-exec-1] ERROR [o.a.c.c.C.[.[localhost].[/].[dispatcherServlet]] - Servlet.service() for servlet [dispatcherServlet] in context with path [] threw exception [Request processing failed; nested exception is org.springframework.web.multipart.MultipartException: Failed to parse multipart servlet request; nested exception is java.io.IOException: org.apache.tomcat.util.http.fileupload.FileUploadException: the request was rejected because no multipart boundary was found] with root cause
org.apache.tomcat.util.http.fileupload.FileUploadException: the request was rejected because no multipart boundary was found
	at org.apache.tomcat.util.http.fileupload.impl.FileItemIteratorImpl.init(FileItemIteratorImpl.java:189)
	at org.apache.tomcat.util.http.fileupload.impl.FileItemIteratorImpl.getMultiPartStream(FileItemIteratorImpl.java:205)
	at org.apache.tomcat.util.http.fileupload.impl.FileItemIteratorImpl.findNextItem(FileItemIteratorImpl.java:224)
	at org.apache.tomcat.util.http.fileupload.impl.FileItemIteratorImpl.<init>(FileItemIteratorImpl.java:142)
	at org.apache.tomcat.util.http.fileupload.FileUploadBase.getItemIterator(FileUploadBase.java:252)
	at org.apache.tomcat.util.http.fileupload.FileUploadBase.parseRequest(FileUploadBase.java:276)
	at org.apache.catalina.connector.Request.parseParts(Request.java:2932)
	at org.apache.catalina.connector.Request.getParts(Request.java:2834)
	at org.apache.catalina.connector.RequestFacade.getParts(RequestFacade.java:1098)
	at javax.servlet.http.HttpServletRequestWrapper.getParts(HttpServletRequestWrapper.java:361)
	at org.springframework.web.multipart.support.StandardMultipartHttpServletRequest.parseRequest(StandardMultipartHttpServletRequest.java:95)
	at org.springframework.web.multipart.support.StandardMultipartHttpServletRequest.<init>(StandardMultipartHttpServletRequest.java:88)
	at org.springframework.web.multipart.support.StandardServletMultipartResolver.resolveMultipart(StandardServletMultipartResolver.java:122)
	at org.springframework.web.servlet.DispatcherServlet.checkMultipart(DispatcherServlet.java:1209)
	at org.springframework.web.servlet.DispatcherServlet.doDispatch(DispatcherServlet.java:1043)
	at org.springframework.web.servlet.DispatcherServlet.doService(DispatcherServlet.java:964)
	at org.springframework.web.servlet.FrameworkServlet.processRequest(FrameworkServlet.java:1006)
	at org.springframework.web.servlet.FrameworkServlet.doPost(FrameworkServlet.java:909)
	at javax.servlet.http.HttpServlet.service(HttpServlet.java:696)
	at org.springframework.web.servlet.FrameworkServlet.service(FrameworkServlet.java:883)
	at javax.servlet.http.HttpServlet.service(HttpServlet.java:779)
	at org.apache.catalina.core.ApplicationFilterChain.internalDoFilter(ApplicationFilterChain.java:227)
	at org.apache.catalina.core.ApplicationFilterChain.doFilter(ApplicationFilterChain.java:162)
	at org.apache.tomcat.websocket.server.WsFilter.doFilter(WsFilter.java:53)
	at org.apache.catalina.core.ApplicationFilterChain.internalDoFilter(ApplicationFilterChain.java:189)
	at org.apache.catalina.core.ApplicationFilterChain.doFilter(ApplicationFilterChain.java:162)
	at com.alibaba.druid.support.http.WebStatFilter.doFilter(WebStatFilter.java:124)
	at org.apache.catalina.core.ApplicationFilterChain.internalDoFilter(ApplicationFilterChain.java:189)
	at org.apache.catalina.core.ApplicationFilterChain.doFilter(ApplicationFilterChain.java:162)
	at org.springframework.security.web.FilterChainProxy.doFilterInternal(FilterChainProxy.java:214)
	at org.springframework.security.web.FilterChainProxy.doFilter(FilterChainProxy.java:186)
	at org.springframework.web.filter.DelegatingFilterProxy.invokeDelegate(DelegatingFilterProxy.java:354)
	at org.springframework.web.filter.DelegatingFilterProxy.doFilter(DelegatingFilterProxy.java:267)
	at org.apache.catalina.core.ApplicationFilterChain.internalDoFilter(ApplicationFilterChain.java:189)
	at org.apache.catalina.core.ApplicationFilterChain.doFilter(ApplicationFilterChain.java:162)
	at org.springframework.web.filter.RequestContextFilter.doFilterInternal(RequestContextFilter.java:100)
	at org.springframework.web.filter.OncePerRequestFilter.doFilter(OncePerRequestFilter.java:117)
	at org.apache.catalina.core.ApplicationFilterChain.internalDoFilter(ApplicationFilterChain.java:189)
	at org.apache.catalina.core.ApplicationFilterChain.doFilter(ApplicationFilterChain.java:162)
	at org.springframework.web.filter.FormContentFilter.doFilterInternal(FormContentFilter.java:93)
	at org.springframework.web.filter.OncePerRequestFilter.doFilter(OncePerRequestFilter.java:117)
	at org.apache.catalina.core.ApplicationFilterChain.internalDoFilter(ApplicationFilterChain.java:189)
	at org.apache.catalina.core.ApplicationFilterChain.doFilter(ApplicationFilterChain.java:162)
	at org.springframework.web.filter.CharacterEncodingFilter.doFilterInternal(CharacterEncodingFilter.java:201)
	at org.springframework.web.filter.OncePerRequestFilter.doFilter(OncePerRequestFilter.java:117)
	at org.apache.catalina.core.ApplicationFilterChain.internalDoFilter(ApplicationFilterChain.java:189)
	at org.apache.catalina.core.ApplicationFilterChain.doFilter(ApplicationFilterChain.java:162)
	at org.apache.catalina.core.StandardWrapperValve.invoke(StandardWrapperValve.java:197)
	at org.apache.catalina.core.StandardContextValve.invoke(StandardContextValve.java:97)
	at org.apache.catalina.authenticator.AuthenticatorBase.invoke(AuthenticatorBase.java:541)
	at org.apache.catalina.core.StandardHostValve.invoke(StandardHostValve.java:135)
	at org.apache.catalina.valves.ErrorReportValve.invoke(ErrorReportValve.java:92)
	at org.apache.catalina.core.StandardEngineValve.invoke(StandardEngineValve.java:78)
	at org.apache.catalina.connector.CoyoteAdapter.service(CoyoteAdapter.java:360)
	at org.apache.coyote.http11.Http11Processor.service(Http11Processor.java:399)
	at org.apache.coyote.AbstractProcessorLight.process(AbstractProcessorLight.java:65)
	at org.apache.coyote.AbstractProtocol$ConnectionHandler.process(AbstractProtocol.java:893)
	at org.apache.tomcat.util.net.NioEndpoint$SocketProcessor.doRun(NioEndpoint.java:1789)
	at org.apache.tomcat.util.net.SocketProcessorBase.run(SocketProcessorBase.java:49)
	at org.apache.tomcat.util.threads.ThreadPoolExecutor.runWorker(ThreadPoolExecutor.java:1191)
	at org.apache.tomcat.util.threads.ThreadPoolExecutor$Worker.run(ThreadPoolExecutor.java:659)
	at org.apache.tomcat.util.threads.TaskThread$WrappingRunnable.run(TaskThread.java:61)
	at java.base/java.lang.Thread.run(Thread.java:833)
2023-06-01 14:52:52.102 [http-nio-8001-exec-1] ERROR [o.a.c.c.C.[.[localhost].[/].[dispatcherServlet]] - Servlet.service() for servlet [dispatcherServlet] in context with path [] threw exception [Request processing failed; nested exception is java.lang.IllegalArgumentException: Registered client must be unique. Found duplicate client identifier: ddaf] with root cause
java.lang.IllegalArgumentException: Registered client must be unique. Found duplicate client identifier: ddaf
	at org.springframework.security.oauth2.server.authorization.client.JdbcRegisteredClientRepository.assertUniqueIdentifiers(JdbcRegisteredClientRepository.java:159)
	at org.springframework.security.oauth2.server.authorization.client.JdbcRegisteredClientRepository.insertRegisteredClient(JdbcRegisteredClientRepository.java:146)
	at org.springframework.security.oauth2.server.authorization.client.JdbcRegisteredClientRepository.save(JdbcRegisteredClientRepository.java:129)
	at com.bhole.shop.authn.core.config.EnhanceJdbcRegisteredClientRepository.save(EnhanceJdbcRegisteredClientRepository.java:39)
	at com.bhole.shop.authn.api.SecurityManagerController.registry(SecurityManagerController.java:45)
	at java.base/jdk.internal.reflect.NativeMethodAccessorImpl.invoke0(Native Method)
	at java.base/jdk.internal.reflect.NativeMethodAccessorImpl.invoke(NativeMethodAccessorImpl.java:77)
	at java.base/jdk.internal.reflect.DelegatingMethodAccessorImpl.invoke(DelegatingMethodAccessorImpl.java:43)
	at java.base/java.lang.reflect.Method.invoke(Method.java:568)
	at org.springframework.web.method.support.InvocableHandlerMethod.doInvoke(InvocableHandlerMethod.java:205)
	at org.springframework.web.method.support.InvocableHandlerMethod.invokeForRequest(InvocableHandlerMethod.java:150)
	at org.springframework.web.servlet.mvc.method.annotation.ServletInvocableHandlerMethod.invokeAndHandle(ServletInvocableHandlerMethod.java:117)
	at org.springframework.web.servlet.mvc.method.annotation.RequestMappingHandlerAdapter.invokeHandlerMethod(RequestMappingHandlerAdapter.java:895)
	at org.springframework.web.servlet.mvc.method.annotation.RequestMappingHandlerAdapter.handleInternal(RequestMappingHandlerAdapter.java:808)
	at org.springframework.web.servlet.mvc.method.AbstractHandlerMethodAdapter.handle(AbstractHandlerMethodAdapter.java:87)
	at org.springframework.web.servlet.DispatcherServlet.doDispatch(DispatcherServlet.java:1071)
	at org.springframework.web.servlet.DispatcherServlet.doService(DispatcherServlet.java:964)
	at org.springframework.web.servlet.FrameworkServlet.processRequest(FrameworkServlet.java:1006)
	at org.springframework.web.servlet.FrameworkServlet.doPost(FrameworkServlet.java:909)
	at javax.servlet.http.HttpServlet.service(HttpServlet.java:696)
	at org.springframework.web.servlet.FrameworkServlet.service(FrameworkServlet.java:883)
	at javax.servlet.http.HttpServlet.service(HttpServlet.java:779)
	at org.apache.catalina.core.ApplicationFilterChain.internalDoFilter(ApplicationFilterChain.java:227)
	at org.apache.catalina.core.ApplicationFilterChain.doFilter(ApplicationFilterChain.java:162)
	at org.apache.tomcat.websocket.server.WsFilter.doFilter(WsFilter.java:53)
	at org.apache.catalina.core.ApplicationFilterChain.internalDoFilter(ApplicationFilterChain.java:189)
	at org.apache.catalina.core.ApplicationFilterChain.doFilter(ApplicationFilterChain.java:162)
	at com.alibaba.druid.support.http.WebStatFilter.doFilter(WebStatFilter.java:124)
	at org.apache.catalina.core.ApplicationFilterChain.internalDoFilter(ApplicationFilterChain.java:189)
	at org.apache.catalina.core.ApplicationFilterChain.doFilter(ApplicationFilterChain.java:162)
	at org.springframework.security.web.FilterChainProxy.doFilterInternal(FilterChainProxy.java:214)
	at org.springframework.security.web.FilterChainProxy.doFilter(FilterChainProxy.java:186)
	at org.springframework.web.filter.DelegatingFilterProxy.invokeDelegate(DelegatingFilterProxy.java:354)
	at org.springframework.web.filter.DelegatingFilterProxy.doFilter(DelegatingFilterProxy.java:267)
	at org.apache.catalina.core.ApplicationFilterChain.internalDoFilter(ApplicationFilterChain.java:189)
	at org.apache.catalina.core.ApplicationFilterChain.doFilter(ApplicationFilterChain.java:162)
	at org.springframework.web.filter.RequestContextFilter.doFilterInternal(RequestContextFilter.java:100)
	at org.springframework.web.filter.OncePerRequestFilter.doFilter(OncePerRequestFilter.java:117)
	at org.apache.catalina.core.ApplicationFilterChain.internalDoFilter(ApplicationFilterChain.java:189)
	at org.apache.catalina.core.ApplicationFilterChain.doFilter(ApplicationFilterChain.java:162)
	at org.springframework.web.filter.FormContentFilter.doFilterInternal(FormContentFilter.java:93)
	at org.springframework.web.filter.OncePerRequestFilter.doFilter(OncePerRequestFilter.java:117)
	at org.apache.catalina.core.ApplicationFilterChain.internalDoFilter(ApplicationFilterChain.java:189)
	at org.apache.catalina.core.ApplicationFilterChain.doFilter(ApplicationFilterChain.java:162)
	at org.springframework.web.filter.CharacterEncodingFilter.doFilterInternal(CharacterEncodingFilter.java:201)
	at org.springframework.web.filter.OncePerRequestFilter.doFilter(OncePerRequestFilter.java:117)
	at org.apache.catalina.core.ApplicationFilterChain.internalDoFilter(ApplicationFilterChain.java:189)
	at org.apache.catalina.core.ApplicationFilterChain.doFilter(ApplicationFilterChain.java:162)
	at org.apache.catalina.core.StandardWrapperValve.invoke(StandardWrapperValve.java:197)
	at org.apache.catalina.core.StandardContextValve.invoke(StandardContextValve.java:97)
	at org.apache.catalina.authenticator.AuthenticatorBase.invoke(AuthenticatorBase.java:541)
	at org.apache.catalina.core.StandardHostValve.invoke(StandardHostValve.java:135)
	at org.apache.catalina.valves.ErrorReportValve.invoke(ErrorReportValve.java:92)
	at org.apache.catalina.core.StandardEngineValve.invoke(StandardEngineValve.java:78)
	at org.apache.catalina.connector.CoyoteAdapter.service(CoyoteAdapter.java:360)
	at org.apache.coyote.http11.Http11Processor.service(Http11Processor.java:399)
	at org.apache.coyote.AbstractProcessorLight.process(AbstractProcessorLight.java:65)
	at org.apache.coyote.AbstractProtocol$ConnectionHandler.process(AbstractProtocol.java:893)
	at org.apache.tomcat.util.net.NioEndpoint$SocketProcessor.doRun(NioEndpoint.java:1789)
	at org.apache.tomcat.util.net.SocketProcessorBase.run(SocketProcessorBase.java:49)
	at org.apache.tomcat.util.threads.ThreadPoolExecutor.runWorker(ThreadPoolExecutor.java:1191)
	at org.apache.tomcat.util.threads.ThreadPoolExecutor$Worker.run(ThreadPoolExecutor.java:659)
	at org.apache.tomcat.util.threads.TaskThread$WrappingRunnable.run(TaskThread.java:61)
	at java.base/java.lang.Thread.run(Thread.java:833)
2023-06-01 15:15:58.754 [http-nio-8001-exec-1] ERROR [o.a.c.c.C.[.[localhost].[/].[dispatcherServlet]] - Servlet.service() for servlet [dispatcherServlet] in context with path [] threw exception [Request processing failed; nested exception is java.lang.IllegalArgumentException: Registered client must be unique. Found duplicate client identifier: ddaf] with root cause
java.lang.IllegalArgumentException: Registered client must be unique. Found duplicate client identifier: ddaf
	at org.springframework.security.oauth2.server.authorization.client.JdbcRegisteredClientRepository.assertUniqueIdentifiers(JdbcRegisteredClientRepository.java:159)
	at org.springframework.security.oauth2.server.authorization.client.JdbcRegisteredClientRepository.insertRegisteredClient(JdbcRegisteredClientRepository.java:146)
	at org.springframework.security.oauth2.server.authorization.client.JdbcRegisteredClientRepository.save(JdbcRegisteredClientRepository.java:129)
	at com.bhole.shop.authn.core.config.EnhanceJdbcRegisteredClientRepository.save(EnhanceJdbcRegisteredClientRepository.java:39)
	at com.bhole.shop.authn.api.SecurityManagerController.registry(SecurityManagerController.java:45)
	at java.base/jdk.internal.reflect.NativeMethodAccessorImpl.invoke0(Native Method)
	at java.base/jdk.internal.reflect.NativeMethodAccessorImpl.invoke(NativeMethodAccessorImpl.java:77)
	at java.base/jdk.internal.reflect.DelegatingMethodAccessorImpl.invoke(DelegatingMethodAccessorImpl.java:43)
	at java.base/java.lang.reflect.Method.invoke(Method.java:568)
	at org.springframework.web.method.support.InvocableHandlerMethod.doInvoke(InvocableHandlerMethod.java:205)
	at org.springframework.web.method.support.InvocableHandlerMethod.invokeForRequest(InvocableHandlerMethod.java:150)
	at org.springframework.web.servlet.mvc.method.annotation.ServletInvocableHandlerMethod.invokeAndHandle(ServletInvocableHandlerMethod.java:117)
	at org.springframework.web.servlet.mvc.method.annotation.RequestMappingHandlerAdapter.invokeHandlerMethod(RequestMappingHandlerAdapter.java:895)
	at org.springframework.web.servlet.mvc.method.annotation.RequestMappingHandlerAdapter.handleInternal(RequestMappingHandlerAdapter.java:808)
	at org.springframework.web.servlet.mvc.method.AbstractHandlerMethodAdapter.handle(AbstractHandlerMethodAdapter.java:87)
	at org.springframework.web.servlet.DispatcherServlet.doDispatch(DispatcherServlet.java:1071)
	at org.springframework.web.servlet.DispatcherServlet.doService(DispatcherServlet.java:964)
	at org.springframework.web.servlet.FrameworkServlet.processRequest(FrameworkServlet.java:1006)
	at org.springframework.web.servlet.FrameworkServlet.doPost(FrameworkServlet.java:909)
	at javax.servlet.http.HttpServlet.service(HttpServlet.java:696)
	at org.springframework.web.servlet.FrameworkServlet.service(FrameworkServlet.java:883)
	at javax.servlet.http.HttpServlet.service(HttpServlet.java:779)
	at org.apache.catalina.core.ApplicationFilterChain.internalDoFilter(ApplicationFilterChain.java:227)
	at org.apache.catalina.core.ApplicationFilterChain.doFilter(ApplicationFilterChain.java:162)
	at org.apache.tomcat.websocket.server.WsFilter.doFilter(WsFilter.java:53)
	at org.apache.catalina.core.ApplicationFilterChain.internalDoFilter(ApplicationFilterChain.java:189)
	at org.apache.catalina.core.ApplicationFilterChain.doFilter(ApplicationFilterChain.java:162)
	at com.alibaba.druid.support.http.WebStatFilter.doFilter(WebStatFilter.java:124)
	at org.apache.catalina.core.ApplicationFilterChain.internalDoFilter(ApplicationFilterChain.java:189)
	at org.apache.catalina.core.ApplicationFilterChain.doFilter(ApplicationFilterChain.java:162)
	at org.springframework.security.web.FilterChainProxy.doFilterInternal(FilterChainProxy.java:214)
	at org.springframework.security.web.FilterChainProxy.doFilter(FilterChainProxy.java:186)
	at org.springframework.web.filter.DelegatingFilterProxy.invokeDelegate(DelegatingFilterProxy.java:354)
	at org.springframework.web.filter.DelegatingFilterProxy.doFilter(DelegatingFilterProxy.java:267)
	at org.apache.catalina.core.ApplicationFilterChain.internalDoFilter(ApplicationFilterChain.java:189)
	at org.apache.catalina.core.ApplicationFilterChain.doFilter(ApplicationFilterChain.java:162)
	at org.springframework.web.filter.RequestContextFilter.doFilterInternal(RequestContextFilter.java:100)
	at org.springframework.web.filter.OncePerRequestFilter.doFilter(OncePerRequestFilter.java:117)
	at org.apache.catalina.core.ApplicationFilterChain.internalDoFilter(ApplicationFilterChain.java:189)
	at org.apache.catalina.core.ApplicationFilterChain.doFilter(ApplicationFilterChain.java:162)
	at org.springframework.web.filter.FormContentFilter.doFilterInternal(FormContentFilter.java:93)
	at org.springframework.web.filter.OncePerRequestFilter.doFilter(OncePerRequestFilter.java:117)
	at org.apache.catalina.core.ApplicationFilterChain.internalDoFilter(ApplicationFilterChain.java:189)
	at org.apache.catalina.core.ApplicationFilterChain.doFilter(ApplicationFilterChain.java:162)
	at org.springframework.web.filter.CharacterEncodingFilter.doFilterInternal(CharacterEncodingFilter.java:201)
	at org.springframework.web.filter.OncePerRequestFilter.doFilter(OncePerRequestFilter.java:117)
	at org.apache.catalina.core.ApplicationFilterChain.internalDoFilter(ApplicationFilterChain.java:189)
	at org.apache.catalina.core.ApplicationFilterChain.doFilter(ApplicationFilterChain.java:162)
	at org.apache.catalina.core.StandardWrapperValve.invoke(StandardWrapperValve.java:197)
	at org.apache.catalina.core.StandardContextValve.invoke(StandardContextValve.java:97)
	at org.apache.catalina.authenticator.AuthenticatorBase.invoke(AuthenticatorBase.java:541)
	at org.apache.catalina.core.StandardHostValve.invoke(StandardHostValve.java:135)
	at org.apache.catalina.valves.ErrorReportValve.invoke(ErrorReportValve.java:92)
	at org.apache.catalina.core.StandardEngineValve.invoke(StandardEngineValve.java:78)
	at org.apache.catalina.connector.CoyoteAdapter.service(CoyoteAdapter.java:360)
	at org.apache.coyote.http11.Http11Processor.service(Http11Processor.java:399)
	at org.apache.coyote.AbstractProcessorLight.process(AbstractProcessorLight.java:65)
	at org.apache.coyote.AbstractProtocol$ConnectionHandler.process(AbstractProtocol.java:893)
	at org.apache.tomcat.util.net.NioEndpoint$SocketProcessor.doRun(NioEndpoint.java:1789)
	at org.apache.tomcat.util.net.SocketProcessorBase.run(SocketProcessorBase.java:49)
	at org.apache.tomcat.util.threads.ThreadPoolExecutor.runWorker(ThreadPoolExecutor.java:1191)
	at org.apache.tomcat.util.threads.ThreadPoolExecutor$Worker.run(ThreadPoolExecutor.java:659)
	at org.apache.tomcat.util.threads.TaskThread$WrappingRunnable.run(TaskThread.java:61)
	at java.base/java.lang.Thread.run(Thread.java:833)
